2025-01-20 21:53:14,332 [INFO] Activator:176 - 


2025-01-20 21:53:14,334 [INFO] Activator:177 - !SESSION log4j initialized
2025-01-20 21:53:16,744 [INFO] LogOutputStream:77 - [STDOUT_REDIRECT] 
2025-01-20 21:53:18,685 [INFO] ApplicationProperties:184 - Using Application install path: H:\Politechnika Poznanska\Semestr 5\Systemy microprocesorowe\STM32CubeIDE_1.16.1\STM32CubeIDE\plugins\com.st.stm32cube.common.mx_6.12.1.202409122256
2025-01-20 21:53:18,699 [INFO] DbMcusXml:78 - Set database path to: H:\Politechnika Poznanska\Semestr 5\Systemy microprocesorowe\STM32CubeIDE_1.16.1\STM32CubeIDE\plugins\com.st.stm32cube.common.mx_6.12.1.202409122256\\db\/mcu/
2025-01-20 21:53:18,700 [INFO] ApiDb:274 - Set plugin database path to: H:\Politechnika Poznanska\Semestr 5\Systemy microprocesorowe\STM32CubeIDE_1.16.1\STM32CubeIDE\plugins\com.st.stm32cube.common.mx_6.12.1.202409122256\\db\/plugins/boardmanager/
2025-01-20 21:53:18,700 [WARN] ApiDb:259 - Overriding images path with different value:  => H:\Politechnika Poznanska\Semestr 5\Systemy microprocesorowe\STM32CubeIDE_1.16.1\STM32CubeIDE\plugins\com.st.stm32cube.common.mx_6.12.1.202409122256\\db\/plugins/mcufinder/images/
2025-01-20 21:53:18,707 [INFO] ApiDb:250 - Set database path to: C:\Users\kirty\.stmcufinder\plugins\mcufinder//mcu/
2025-01-20 21:53:18,707 [INFO] DbMcusAds:125 - Set database path to: C:\Users\kirty\.stmcufinder\plugins\mcufinder//mcu/
2025-01-20 21:53:18,709 [INFO] CrossReferenceDbSqlite:203 - Set database path to: C:\Users\kirty\.stmcufinder\plugins\mcufinder//mcu/cs/
2025-01-20 21:53:18,784 [INFO] RulesReader:64 - Compatibility file has been processed (297 Rules)
2025-01-20 21:53:18,851 [INFO] DbMcusXml:78 - Set database path to: H:\Politechnika Poznanska\Semestr 5\Systemy microprocesorowe\STM32CubeIDE_1.16.1\STM32CubeIDE\plugins\com.st.stm32cube.common.mx_6.12.1.202409122256\\db\/mcu/
2025-01-20 21:53:18,851 [INFO] ApiDb:274 - Set plugin database path to: H:\Politechnika Poznanska\Semestr 5\Systemy microprocesorowe\STM32CubeIDE_1.16.1\STM32CubeIDE\plugins\com.st.stm32cube.common.mx_6.12.1.202409122256\\db\/plugins/boardmanager/
2025-01-20 21:53:18,851 [INFO] ApiDb:261 - Set plugin images path to: H:\Politechnika Poznanska\Semestr 5\Systemy microprocesorowe\STM32CubeIDE_1.16.1\STM32CubeIDE\plugins\com.st.stm32cube.common.mx_6.12.1.202409122256\\db\/plugins/mcufinder/images/
2025-01-20 21:53:18,852 [WARN] DbFile:41 - Overriding database path with different value: C:\Users\kirty\.stmcufinder\plugins\mcufinder/ => C:\Users\kirty\.stmcufinder\plugins\mcufinder
2025-01-20 21:53:18,852 [INFO] ApiDb:250 - Set database path to: C:\Users\kirty\.stmcufinder\plugins\mcufinder//mcu/
2025-01-20 21:53:18,852 [WARN] DbFile:41 - Overriding database path with different value: C:\Users\kirty\.stmcufinder\plugins\mcufinder/ => C:\Users\kirty\.stmcufinder\plugins\mcufinder
2025-01-20 21:53:18,852 [INFO] DbMcusAds:125 - Set database path to: C:\Users\kirty\.stmcufinder\plugins\mcufinder//mcu/
2025-01-20 21:53:18,852 [WARN] DbFile:41 - Overriding database path with different value: C:\Users\kirty\.stmcufinder\plugins\mcufinder/ => C:\Users\kirty\.stmcufinder\plugins\mcufinder
2025-01-20 21:53:18,852 [WARN] DbFile:41 - Overriding database path with different value: C:\Users\kirty\.stmcufinder\plugins\mcufinder/ => C:\Users\kirty\.stmcufinder\plugins\mcufinder
2025-01-20 21:53:18,852 [INFO] CrossReferenceDbSqlite:203 - Set database path to: C:\Users\kirty\.stmcufinder\plugins\mcufinder//mcu/cs/
2025-01-20 21:53:18,908 [INFO] MainPanel:268 - HeapMemory: 268435456
2025-01-20 21:53:18,980 [INFO] DbMcusXml:78 - Set database path to: H:\Politechnika Poznanska\Semestr 5\Systemy microprocesorowe\STM32CubeIDE_1.16.1\STM32CubeIDE\plugins\com.st.stm32cube.common.mx_6.12.1.202409122256\\db\/mcu/
2025-01-20 21:53:18,980 [INFO] ApiDb:274 - Set plugin database path to: H:\Politechnika Poznanska\Semestr 5\Systemy microprocesorowe\STM32CubeIDE_1.16.1\STM32CubeIDE\plugins\com.st.stm32cube.common.mx_6.12.1.202409122256\\db\/plugins/boardmanager/
2025-01-20 21:53:18,981 [INFO] ApiDb:261 - Set plugin images path to: H:\Politechnika Poznanska\Semestr 5\Systemy microprocesorowe\STM32CubeIDE_1.16.1\STM32CubeIDE\plugins\com.st.stm32cube.common.mx_6.12.1.202409122256\\db\/plugins/mcufinder/images/
2025-01-20 21:53:18,981 [WARN] DbFile:41 - Overriding database path with different value: C:\Users\kirty\.stmcufinder\plugins\mcufinder/ => C:\Users\kirty\.stmcufinder\plugins\mcufinder
2025-01-20 21:53:18,981 [INFO] ApiDb:250 - Set database path to: C:\Users\kirty\.stmcufinder\plugins\mcufinder//mcu/
2025-01-20 21:53:18,981 [WARN] DbFile:41 - Overriding database path with different value: C:\Users\kirty\.stmcufinder\plugins\mcufinder/ => C:\Users\kirty\.stmcufinder\plugins\mcufinder
2025-01-20 21:53:18,981 [INFO] DbMcusAds:125 - Set database path to: C:\Users\kirty\.stmcufinder\plugins\mcufinder//mcu/
2025-01-20 21:53:18,981 [WARN] DbFile:41 - Overriding database path with different value: C:\Users\kirty\.stmcufinder\plugins\mcufinder/ => C:\Users\kirty\.stmcufinder\plugins\mcufinder
2025-01-20 21:53:18,981 [WARN] DbFile:41 - Overriding database path with different value: C:\Users\kirty\.stmcufinder\plugins\mcufinder/ => C:\Users\kirty\.stmcufinder\plugins\mcufinder
2025-01-20 21:53:18,981 [INFO] CrossReferenceDbSqlite:203 - Set database path to: C:\Users\kirty\.stmcufinder\plugins\mcufinder//mcu/cs/
2025-01-20 21:53:18,992 [INFO] ApplicationProperties:184 - Using Application install path: H:\Politechnika Poznanska\Semestr 5\Systemy microprocesorowe\STM32CubeIDE_1.16.1\STM32CubeIDE\plugins\com.st.stm32cube.common.mx_6.12.1.202409122256
2025-01-20 21:53:18,993 [INFO] PluginManage:196 - Search for loadable plugins [exclusion list=, ]
2025-01-20 21:53:18,995 [INFO] PluginManage:310 - Check plugin analytics
2025-01-20 21:53:19,109 [INFO] AnalyticsPlugin:253 - Accepted Software Licenses: 
2025-01-20 21:53:19,109 [INFO] AnalyticsPlugin:255 - Accepted CMSIS Pack Licenses: 
2025-01-20 21:53:19,109 [INFO] AnalyticsPlugin:257 - Accepted Firmware Licenses: 
2025-01-20 21:53:19,111 [INFO] PluginManage:359 - Loaded plugin analytics (category:tool,tabindex:-1)
2025-01-20 21:53:19,111 [INFO] PluginManage:310 - Check plugin cadmodel
2025-01-20 21:53:19,130 [INFO] CADModel:105 - Init CAD model plugin
2025-01-20 21:53:19,130 [INFO] PluginManage:359 - Loaded plugin cadmodel (category:power,tabindex:5)
2025-01-20 21:53:19,130 [INFO] PluginManage:310 - Check plugin clock
2025-01-20 21:53:19,150 [INFO] PluginManage:359 - Loaded plugin clock (category:base,tabindex:2)
2025-01-20 21:53:19,150 [INFO] PluginManage:310 - Check plugin ddr
2025-01-20 21:53:19,152 [INFO] PluginManage:359 - Loaded plugin ddr (category:tool,tabindex:6)
2025-01-20 21:53:19,153 [INFO] PluginManage:310 - Check plugin filemanager
2025-01-20 21:53:19,303 [INFO] PluginManage:359 - Loaded plugin filemanager (category:base,tabindex:10)
2025-01-20 21:53:19,304 [INFO] PluginManage:310 - Check plugin ipmanager
2025-01-20 21:53:19,309 [INFO] PluginManage:359 - Loaded plugin ipmanager (category:base,tabindex:5)
2025-01-20 21:53:19,309 [INFO] PluginManage:310 - Check plugin lpbam
2025-01-20 21:53:19,326 [INFO] PluginManage:359 - Loaded plugin lpbam (category:base,tabindex:0)
2025-01-20 21:53:19,326 [INFO] PluginManage:310 - Check plugin memorymap
2025-01-20 21:53:19,344 [INFO] PluginManage:359 - Loaded plugin memorymap (category:base,tabindex:4)
2025-01-20 21:53:19,344 [INFO] PluginManage:310 - Check plugin pinoutandconfiguration
2025-01-20 21:53:19,362 [INFO] PluginManage:359 - Loaded plugin pinoutandconfiguration (category:base,tabindex:1)
2025-01-20 21:53:19,362 [INFO] PluginManage:310 - Check plugin pinoutconfig
2025-01-20 21:53:19,430 [WARN] SupportedApi:132 - Cannot load RTOS API schema: s4s-elt-must-match.1: The content of 'definitions' must match (annotation?, (simpleType | complexType)?, (unique | key | keyref)*)). A problem was found starting at: attribute.
2025-01-20 21:53:19,512 [INFO] PluginManage:359 - Loaded plugin pinoutconfig (category:base,tabindex:0)
2025-01-20 21:53:19,512 [INFO] PluginManage:310 - Check plugin power
2025-01-20 21:53:19,530 [INFO] PluginManage:359 - Loaded plugin power (category:power,tabindex:4)
2025-01-20 21:53:19,530 [INFO] PluginManage:310 - Check plugin projectmanager
2025-01-20 21:53:19,552 [INFO] PluginManage:359 - Loaded plugin projectmanager (category:projectmanager,tabindex:4)
2025-01-20 21:53:19,552 [INFO] PluginManage:310 - Check plugin rif
2025-01-20 21:53:19,570 [INFO] PluginManage:359 - Loaded plugin rif (category:base,tabindex:3)
2025-01-20 21:53:19,570 [INFO] PluginManage:310 - Check plugin thirdparty
2025-01-20 21:53:19,799 [INFO] PluginManage:359 - Loaded plugin thirdparty (category:base,tabindex:-1)
2025-01-20 21:53:19,799 [INFO] PluginManage:310 - Check plugin tools
2025-01-20 21:53:19,799 [WARN] IntegrityCheckThread:84 - waiting for thirdparty lock release [integrity check]
2025-01-20 21:53:19,799 [INFO] IntegrityCheckThread:86 - entering critical section [integrity check]
2025-01-20 21:53:19,801 [INFO] ThirdPartyUpdaterWithRetryManager:70 - Updater plugin not ready yet. [1/15]
2025-01-20 21:53:19,825 [INFO] PluginManage:359 - Loaded plugin tools (category:base,tabindex:7)
2025-01-20 21:53:19,825 [INFO] PluginManage:310 - Check plugin tutovideos
2025-01-20 21:53:19,955 [INFO] PluginManage:359 - Loaded plugin tutovideos (category:base,tabindex:-1)
2025-01-20 21:53:19,955 [INFO] PluginManage:310 - Check plugin updater
2025-01-20 21:53:19,969 [INFO] PluginManage:359 - Loaded plugin updater (category:base,tabindex:12)
2025-01-20 21:53:19,969 [INFO] PluginManage:310 - Check plugin userauth
2025-01-20 21:53:19,973 [INFO] UserAuth:113 - Init User Auth plugin
2025-01-20 21:53:19,973 [INFO] PluginManage:359 - Loaded plugin userauth (category:base,tabindex:14)
2025-01-20 21:53:19,974 [INFO] PluginManage:283 - PluginManage : Loaded plugins [18]
2025-01-20 21:53:20,121 [INFO] PinOutPanel:1561 - setPackage(No Configuration,No Configuration)
2025-01-20 21:53:20,180 [INFO] CADModel:165 - CPN selected for project level
2025-01-20 21:53:20,180 [INFO] CADModel:114 - Register for checkConnection events
2025-01-20 21:53:20,203 [INFO] IPUIPlugin:80 - create IPUIPlugin
2025-01-20 21:53:20,203 [INFO] PluginManager:220 - loadIPPluginJar : add adc
2025-01-20 21:53:20,234 [INFO] IPUIPlugin:80 - create IPUIPlugin
2025-01-20 21:53:20,234 [INFO] PluginManager:220 - loadIPPluginJar : add aes
2025-01-20 21:53:20,271 [INFO] IPUIPlugin:80 - create IPUIPlugin
2025-01-20 21:53:20,271 [INFO] PluginManager:220 - loadIPPluginJar : add can
2025-01-20 21:53:20,295 [INFO] IPUIPlugin:80 - create IPUIPlugin
2025-01-20 21:53:20,295 [INFO] PluginManager:220 - loadIPPluginJar : add comp
2025-01-20 21:53:20,324 [INFO] IPUIPlugin:80 - create IPUIPlugin
2025-01-20 21:53:20,324 [INFO] PluginManager:220 - loadIPPluginJar : add cryp
2025-01-20 21:53:20,338 [INFO] IPUIPlugin:80 - create IPUIPlugin
2025-01-20 21:53:20,338 [INFO] PluginManager:220 - loadIPPluginJar : add ddr_ctrl_phy
2025-01-20 21:53:20,366 [INFO] IPUIPlugin:80 - create IPUIPlugin
2025-01-20 21:53:20,367 [INFO] PluginManager:220 - loadIPPluginJar : add dfsdm
2025-01-20 21:53:20,383 [INFO] IPUIPlugin:80 - create IPUIPlugin
2025-01-20 21:53:20,383 [INFO] PluginManager:220 - loadIPPluginJar : add dma
2025-01-20 21:53:20,427 [INFO] IPUIPlugin:80 - create IPUIPlugin
2025-01-20 21:53:20,427 [INFO] PluginManager:220 - loadIPPluginJar : add dma3
2025-01-20 21:53:20,470 [INFO] IPUIPlugin:80 - create IPUIPlugin
2025-01-20 21:53:20,470 [INFO] PluginManager:220 - loadIPPluginJar : add extmemmanager
2025-01-20 21:53:20,492 [INFO] IPUIPlugin:80 - create IPUIPlugin
2025-01-20 21:53:20,492 [INFO] PluginManager:220 - loadIPPluginJar : add fatfs
2025-01-20 21:53:20,556 [INFO] IPUIPlugin:80 - create IPUIPlugin
2025-01-20 21:53:20,556 [INFO] PluginManager:220 - loadIPPluginJar : add fmc
2025-01-20 21:53:20,569 [INFO] IPUIPlugin:80 - create IPUIPlugin
2025-01-20 21:53:20,569 [INFO] PluginManager:220 - loadIPPluginJar : add freertos
2025-01-20 21:53:20,587 [INFO] IPUIPlugin:80 - create IPUIPlugin
2025-01-20 21:53:20,587 [INFO] PluginManager:220 - loadIPPluginJar : add genericplugin
2025-01-20 21:53:20,649 [INFO] IPUIPlugin:80 - create IPUIPlugin
2025-01-20 21:53:20,649 [INFO] PluginManager:220 - loadIPPluginJar : add gfxmmu
2025-01-20 21:53:20,726 [INFO] IPUIPlugin:80 - create IPUIPlugin
2025-01-20 21:53:20,727 [INFO] PluginManager:220 - loadIPPluginJar : add gic
2025-01-20 21:53:20,738 [INFO] IPUIPlugin:80 - create IPUIPlugin
2025-01-20 21:53:20,738 [INFO] PluginManager:220 - loadIPPluginJar : add gpio
2025-01-20 21:53:20,793 [INFO] IPUIPlugin:80 - create IPUIPlugin
2025-01-20 21:53:20,793 [INFO] PluginManager:220 - loadIPPluginJar : add gtzc
2025-01-20 21:53:20,815 [INFO] IPUIPlugin:80 - create IPUIPlugin
2025-01-20 21:53:20,815 [INFO] PluginManager:220 - loadIPPluginJar : add hash
2025-01-20 21:53:20,845 [INFO] IPUIPlugin:80 - create IPUIPlugin
2025-01-20 21:53:20,845 [INFO] PluginManager:220 - loadIPPluginJar : add i2c
2025-01-20 21:53:20,869 [INFO] IPUIPlugin:80 - create IPUIPlugin
2025-01-20 21:53:20,869 [INFO] PluginManager:220 - loadIPPluginJar : add i2s
2025-01-20 21:53:20,895 [INFO] IPUIPlugin:80 - create IPUIPlugin
2025-01-20 21:53:20,895 [INFO] PluginManager:220 - loadIPPluginJar : add i3c
2025-01-20 21:53:20,957 [INFO] IPUIPlugin:80 - create IPUIPlugin
2025-01-20 21:53:20,957 [INFO] PluginManager:220 - loadIPPluginJar : add ipddr
2025-01-20 21:53:21,016 [INFO] IPUIPlugin:80 - create IPUIPlugin
2025-01-20 21:53:21,016 [INFO] PluginManager:220 - loadIPPluginJar : add linkedlist
2025-01-20 21:53:21,039 [INFO] IPUIPlugin:80 - create IPUIPlugin
2025-01-20 21:53:21,039 [INFO] PluginManager:220 - loadIPPluginJar : add lorawan
2025-01-20 21:53:21,062 [INFO] IPUIPlugin:80 - create IPUIPlugin
2025-01-20 21:53:21,063 [INFO] PluginManager:220 - loadIPPluginJar : add ltdc
2025-01-20 21:53:21,072 [INFO] IPUIPlugin:80 - create IPUIPlugin
2025-01-20 21:53:21,072 [INFO] PluginManager:220 - loadIPPluginJar : add mdma
2025-01-20 21:53:21,081 [INFO] IPUIPlugin:80 - create IPUIPlugin
2025-01-20 21:53:21,081 [INFO] PluginManager:220 - loadIPPluginJar : add nvic
2025-01-20 21:53:21,105 [INFO] IPUIPlugin:80 - create IPUIPlugin
2025-01-20 21:53:21,105 [INFO] PluginManager:220 - loadIPPluginJar : add opamp
2025-01-20 21:53:21,145 [INFO] IPUIPlugin:80 - create IPUIPlugin
2025-01-20 21:53:21,146 [INFO] PluginManager:220 - loadIPPluginJar : add openamp
2025-01-20 21:53:21,173 [INFO] IPUIPlugin:80 - create IPUIPlugin
2025-01-20 21:53:21,173 [INFO] PluginManager:220 - loadIPPluginJar : add pdm2pcm
2025-01-20 21:53:21,184 [INFO] IPUIPlugin:80 - create IPUIPlugin
2025-01-20 21:53:21,185 [INFO] PluginManager:220 - loadIPPluginJar : add plateformsettings
2025-01-20 21:53:21,201 [INFO] IPUIPlugin:80 - create IPUIPlugin
2025-01-20 21:53:21,201 [INFO] PluginManager:220 - loadIPPluginJar : add quadspi
2025-01-20 21:53:21,219 [INFO] IPUIPlugin:80 - create IPUIPlugin
2025-01-20 21:53:21,220 [INFO] PluginManager:220 - loadIPPluginJar : add radio
2025-01-20 21:53:21,229 [INFO] IPUIPlugin:80 - create IPUIPlugin
2025-01-20 21:53:21,229 [INFO] PluginManager:220 - loadIPPluginJar : add resmgrutility
2025-01-20 21:53:21,259 [INFO] IPUIPlugin:80 - create IPUIPlugin
2025-01-20 21:53:21,259 [INFO] PluginManager:220 - loadIPPluginJar : add sai
2025-01-20 21:53:21,282 [INFO] IPUIPlugin:80 - create IPUIPlugin
2025-01-20 21:53:21,282 [INFO] PluginManager:220 - loadIPPluginJar : add spi
2025-01-20 21:53:21,325 [INFO] IPUIPlugin:80 - create IPUIPlugin
2025-01-20 21:53:21,326 [INFO] PluginManager:220 - loadIPPluginJar : add stm32_wpan
2025-01-20 21:53:21,341 [INFO] IPUIPlugin:80 - create IPUIPlugin
2025-01-20 21:53:21,341 [INFO] PluginManager:220 - loadIPPluginJar : add tim
2025-01-20 21:53:21,379 [INFO] IPUIPlugin:80 - create IPUIPlugin
2025-01-20 21:53:21,379 [INFO] PluginManager:220 - loadIPPluginJar : add touchsensing
2025-01-20 21:53:21,395 [INFO] IPUIPlugin:80 - create IPUIPlugin
2025-01-20 21:53:21,395 [INFO] PluginManager:220 - loadIPPluginJar : add tracer_emb
2025-01-20 21:53:21,412 [INFO] IPUIPlugin:80 - create IPUIPlugin
2025-01-20 21:53:21,412 [INFO] PluginManager:220 - loadIPPluginJar : add ts
2025-01-20 21:53:21,427 [INFO] IPUIPlugin:80 - create IPUIPlugin
2025-01-20 21:53:21,427 [INFO] PluginManager:220 - loadIPPluginJar : add tsc
2025-01-20 21:53:21,441 [INFO] IPUIPlugin:80 - create IPUIPlugin
2025-01-20 21:53:21,441 [INFO] PluginManager:220 - loadIPPluginJar : add ucpd
2025-01-20 21:53:21,467 [INFO] IPUIPlugin:80 - create IPUIPlugin
2025-01-20 21:53:21,467 [INFO] PluginManager:220 - loadIPPluginJar : add usart
2025-01-20 21:53:21,493 [INFO] IPUIPlugin:80 - create IPUIPlugin
2025-01-20 21:53:21,493 [INFO] PluginManager:220 - loadIPPluginJar : add usbx
2025-01-20 21:53:21,597 [INFO] CADModel:165 - CPN selected for project level
2025-01-20 21:53:21,597 [INFO] CADModel:114 - Register for checkConnection events
2025-01-20 21:53:21,597 [FATAL] Updater:334 - Updater called before beeing initialized
2025-01-20 21:53:21,597 [ERROR] CADModel:125 - Updater not yet initialized, retry later 
2025-01-20 21:53:21,689 [INFO] CADModel:165 - CPN selected for project level
2025-01-20 21:53:21,689 [INFO] CADModel:114 - Register for checkConnection events
2025-01-20 21:53:21,689 [FATAL] Updater:334 - Updater called before beeing initialized
2025-01-20 21:53:21,689 [ERROR] CADModel:125 - Updater not yet initialized, retry later 
2025-01-20 21:53:21,690 [FATAL] Updater:334 - Updater called before beeing initialized
2025-01-20 21:53:21,744 [FATAL] Updater:334 - Updater called before beeing initialized
2025-01-20 21:53:21,752 [INFO] DbMcusAds:53 - JSON generation date=Thu Sep 30 08:55:09 CEST 2021 (1632984909247)
2025-01-20 21:53:21,752 [FATAL] Updater:334 - Updater called before beeing initialized
2025-01-20 21:53:21,809 [WARN] DetailPanel:346 - Failed to get advertising image, set to default
2025-01-20 21:53:21,861 [FATAL] Updater:334 - Updater called before beeing initialized
2025-01-20 21:53:21,863 [FATAL] Updater:334 - Updater called before beeing initialized
2025-01-20 21:53:21,863 [FATAL] Updater:334 - Updater called before beeing initialized
2025-01-20 21:53:21,863 [WARN] DetailPanel:346 - Failed to get advertising image, set to default
2025-01-20 21:53:21,863 [FATAL] Updater:334 - Updater called before beeing initialized
2025-01-20 21:53:21,901 [ERROR] Updater:1164 - MainUpdater not yet initialized. External WinMGr cannot be set.
2025-01-20 21:53:21,907 [INFO] Updater:1100 - Updater Version found : 6.12.1
2025-01-20 21:53:21,921 [INFO] ApplicationProperties:184 - Using Application install path: H:\Politechnika Poznanska\Semestr 5\Systemy microprocesorowe\STM32CubeIDE_1.16.1\STM32CubeIDE\plugins\com.st.stm32cube.common.mx_6.12.1.202409122256
2025-01-20 21:53:22,802 [INFO] ThirdPartyUpdaterWithRetryManager:70 - Updater plugin not ready yet. [2/15]
2025-01-20 21:53:23,489 [ERROR] LogOutputStream:75 - [STDERR_REDIRECT] Jan 20, 2025 9:53:23 PM java.util.prefs.WindowsPreferences <init>
2025-01-20 21:53:23,489 [ERROR] LogOutputStream:75 - [STDERR_REDIRECT] WARNING: Could not open/create prefs root node Software\JavaSoft\Prefs at root 0xffffffff80000002. Windows RegCreateKeyEx(...) returned error code 5.
2025-01-20 21:53:23,489 [ERROR] LogOutputStream:75 - [STDERR_REDIRECT] 
2025-01-20 21:53:23,773 [INFO] MainUpdater:2873 - connection check result : 10
2025-01-20 21:53:23,773 [INFO] MainUpdater:3567 - Updater definition file requires update
2025-01-20 21:53:23,774 [INFO] MainUpdater:290 - Updater Check For Update Now.
2025-01-20 21:53:23,774 [INFO] MicroXplorer:498 - Change Database Version : DB.6.0.121
2025-01-20 21:53:23,786 [INFO] McuFinderGlobals:63 - Set McuFinder mode to 2 (CubeIDE integrated)
2025-01-20 21:53:23,786 [INFO] UserAuth:179 - activating auth plugin
2025-01-20 21:53:23,787 [INFO] UserAuth:417 - Internet connection configuration mode: 1
2025-01-20 21:53:23,807 [INFO] JxBrowserEngine:152 - Initiate JxBrowser Engine with user profile folder
2025-01-20 21:53:23,869 [INFO] ServerAccessManage:473 - Download File updaters.zip
2025-01-20 21:53:23,917 [INFO] FileExtend:240 - Unzip File : updaters.zip
2025-01-20 21:53:23,917 [INFO] FileExtend:255 - Standard Zip Deflate
2025-01-20 21:53:24,342 [INFO] ServerAccessManage:473 - Download File PacksControlFlags.xml
2025-01-20 21:53:24,468 [INFO] ServerAccessManage:473 - Download File cubemx.pidx
2025-01-20 21:53:24,825 [INFO] ServerAccessManage:473 - Download File STMicroelectronics.X-CUBE-BLEMGR.pdsc
2025-01-20 21:53:25,144 [ERROR] ServerAccessManage:1089 - Problem, file not found on Server
2025-01-20 21:53:25,806 [WARN] MainUpdater:1194 - Updater busy. Cannot search thirdparties
2025-01-20 21:53:25,806 [INFO] ThirdPartyUpdaterWithRetryManager:96 - Updater plugin is busy. [1/15]
2025-01-20 21:53:26,137 [INFO] ServerAccessManage:473 - Download File STMicroelectronics.X-CUBE-FREERTOS.pdsc
2025-01-20 21:53:26,942 [INFO] ServerAccessManage:473 - Download File STMicroelectronics.X-CUBE-GNSS1.pdsc
2025-01-20 21:53:27,804 [INFO] WebApp:167 - Instantiating new browser for Auth
2025-01-20 21:53:28,367 [INFO] WebApp:448 - Apply proxy settings
2025-01-20 21:53:28,368 [INFO] WebApp:533 - Chromium requires no authentication
2025-01-20 21:53:28,377 [INFO] WebApp:476 - Direct internet connection detected
2025-01-20 21:53:28,394 [INFO] WebApp:869 - Register for checkConnection events
2025-01-20 21:53:28,394 [INFO] WebApp:448 - Apply proxy settings
2025-01-20 21:53:28,394 [INFO] WebApp:533 - Chromium requires no authentication
2025-01-20 21:53:28,394 [INFO] WebApp:476 - Direct internet connection detected
2025-01-20 21:53:28,522 [INFO] WebApp:220 - Starting web application
2025-01-20 21:53:28,522 [INFO] WebApp:578 - Web application path used H:\Politechnika Poznanska\Semestr 5\Systemy microprocesorowe\STM32CubeIDE_1.16.1\STM32CubeIDE\plugins\com.st.stm32cube.common.mx_6.12.1.202409122256\db\plugins\mcufinder\reactClient1\index.html
2025-01-20 21:53:28,637 [INFO] WebApp:186 - Connection restablished
2025-01-20 21:53:28,807 [WARN] MainUpdater:1194 - Updater busy. Cannot search thirdparties
2025-01-20 21:53:28,807 [INFO] ThirdPartyUpdaterWithRetryManager:96 - Updater plugin is busy. [2/15]
2025-01-20 21:53:29,603 [ERROR] ServerAccessManage:1089 - Problem, file not found on Server
2025-01-20 21:53:29,743 [ERROR] ServerAccessManage:1089 - Problem, file not found on Server
2025-01-20 21:53:30,156 [ERROR] ServerAccessManage:1089 - Problem, file not found on Server
2025-01-20 21:53:30,251 [ERROR] ServerAccessManage:1089 - Problem, file not found on Server
2025-01-20 21:53:30,419 [ERROR] ServerAccessManage:1089 - Problem, file not found on Server
2025-01-20 21:53:30,593 [ERROR] ServerAccessManage:1089 - Problem, file not found on Server
2025-01-20 21:53:30,857 [INFO] ServerAccessManage:473 - Download File STMicroelectronics.X-CUBE-IPS.pdsc
2025-01-20 21:53:31,807 [WARN] MainUpdater:1194 - Updater busy. Cannot search thirdparties
2025-01-20 21:53:31,807 [INFO] ThirdPartyUpdaterWithRetryManager:96 - Updater plugin is busy. [3/15]
2025-01-20 21:53:32,266 [INFO] ServerAccessManage:473 - Download File STMicroelectronics.X-CUBE-MEMS1.pdsc
2025-01-20 21:53:34,770 [INFO] ServerAccessManage:473 - Download File STMicroelectronics.X-CUBE-TCPP.pdsc
2025-01-20 21:53:34,808 [WARN] MainUpdater:1194 - Updater busy. Cannot search thirdparties
2025-01-20 21:53:34,808 [INFO] ThirdPartyUpdaterWithRetryManager:96 - Updater plugin is busy. [4/15]
2025-01-20 21:53:35,118 [INFO] ServerAccessManage:473 - Download File STMicroelectronics.X-CUBE-TOUCHGFX.pdsc
2025-01-20 21:53:37,809 [WARN] MainUpdater:1194 - Updater busy. Cannot search thirdparties
2025-01-20 21:53:37,809 [INFO] ThirdPartyUpdaterWithRetryManager:96 - Updater plugin is busy. [5/15]
2025-01-20 21:53:40,742 [WARN] PackLoader:240 - Cannot read IP mode file for STMicroelectronics.X-CUBE-BLEMGR.4.0.0
2025-01-20 21:53:40,751 [WARN] PackLoader:240 - Cannot read IP mode file for STMicroelectronics.X-CUBE-FREERTOS.1.3.0
2025-01-20 21:53:40,754 [WARN] PackLoader:240 - Cannot read IP mode file for STMicroelectronics.X-CUBE-GNSS1.7.0.1
2025-01-20 21:53:40,757 [WARN] PopulateThirdPartyThread:106 - Error when creating pack: C:/Users/kirty/.stm32cubemx/thirdparties/pdsc/STMicroelectronics.X-CUBE-IPS.pdsc
2025-01-20 21:53:40,782 [WARN] PackLoader:240 - Cannot read IP mode file for STMicroelectronics.X-CUBE-MEMS1.11.1.0
2025-01-20 21:53:40,809 [WARN] MainUpdater:1194 - Updater busy. Cannot search thirdparties
2025-01-20 21:53:40,809 [INFO] ThirdPartyUpdaterWithRetryManager:96 - Updater plugin is busy. [6/15]
2025-01-20 21:53:40,848 [WARN] PopulateThirdPartyThread:106 - Error when creating pack: C:/Users/kirty/.stm32cubemx/thirdparties/pdsc/STMicroelectronics.X-CUBE-TCPP.pdsc
2025-01-20 21:53:40,851 [WARN] PackLoader:240 - Cannot read IP mode file for STMicroelectronics.X-CUBE-TOUCHGFX.4.24.2
2025-01-20 21:53:40,851 [INFO] PopulateThirdPartyThread:66 - Ending populate Thread
2025-01-20 21:53:40,852 [INFO] ThirdParty:1030 - CMSIS Pack Vendor :STMicroelectronics X-CUBE-BLEMGR 4.0.0
2025-01-20 21:53:40,852 [INFO] ThirdParty:1030 - CMSIS Pack Vendor :STMicroelectronics X-CUBE-FREERTOS 1.3.0
2025-01-20 21:53:40,852 [INFO] ThirdParty:1030 - CMSIS Pack Vendor :STMicroelectronics X-CUBE-GNSS1 7.0.1
2025-01-20 21:53:40,852 [INFO] ThirdParty:1030 - CMSIS Pack Vendor :STMicroelectronics X-CUBE-MEMS1 11.1.0
2025-01-20 21:53:40,852 [INFO] ThirdParty:1030 - CMSIS Pack Vendor :STMicroelectronics X-CUBE-TOUCHGFX 4.24.2
2025-01-20 21:53:40,852 [INFO] LoadServerUpdatesThread:375 - End of LoadServerUpdate Thread
2025-01-20 21:53:40,873 [INFO] CheckServerUpdateThread:120 - End of CheckServer Thread
2025-01-20 21:53:43,940 [WARN] PackLoader:240 - Cannot read IP mode file for STMicroelectronics.FP-SNS-MOTENVWB1.1.4.0
2025-01-20 21:53:43,942 [WARN] PackLoader:240 - Cannot read IP mode file for STMicroelectronics.FP-ATR-ASTRA1.2.0.1
2025-01-20 21:53:43,949 [WARN] PackLoader:240 - Cannot read IP mode file for STMicroelectronics.X-CUBE-SMBUS.2.1.0
2025-01-20 21:53:43,958 [WARN] PackLoader:240 - Cannot read IP mode file for STMicroelectronics.X-CUBE-WB05N.1.1.0
2025-01-20 21:53:43,971 [WARN] PackLoader:240 - Cannot read IP mode file for STMicroelectronics.X-CUBE-AZRTOS-F7.1.1.0
2025-01-20 21:53:44,001 [WARN] PackLoader:240 - Cannot read IP mode file for STMicroelectronics.X-CUBE-MEMS1.11.0.0
2025-01-20 21:53:44,039 [WARN] PackLoader:240 - Cannot read IP mode file for STMicroelectronics.FP-SNS-FLIGHT1.5.0.2
2025-01-20 21:53:44,048 [WARN] PackLoader:240 - Cannot read IP mode file for STMicroelectronics.X-CUBE-DISPLAY.3.0.0
2025-01-20 21:53:44,058 [WARN] PackLoader:240 - Cannot read IP mode file for STMicroelectronics.X-CUBE-BLE1.7.0.0
2025-01-20 21:53:44,068 [WARN] PackLoader:240 - Cannot read IP mode file for STMicroelectronics.X-CUBE-NFC10.1.0.0
2025-01-20 21:53:44,072 [WARN] PackLoader:240 - Cannot read IP mode file for STMicroelectronics.X-CUBE-BLEMGR.4.0.0
2025-01-20 21:53:44,083 [WARN] PackLoader:240 - Cannot read IP mode file for emotas.I-CUBE-CANOPEN.1.3.0
2025-01-20 21:53:44,094 [WARN] PackLoader:240 - Cannot read IP mode file for STMicroelectronics.X-CUBE-BLEMGR.3.1.0
2025-01-20 21:53:44,104 [WARN] PackLoader:240 - Cannot read IP mode file for STMicroelectronics.FP-SNS-SMARTAG2.1.2.0
2025-01-20 21:53:44,122 [WARN] PackLoader:240 - Cannot read IP mode file for STMicroelectronics.X-CUBE-MEMS1.11.1.0
2025-01-20 21:53:44,168 [INFO] LogOutputStream:77 - [STDOUT_REDIRECT] 1 : Invalid condition id : UX_CORESTACK_Condition cause : null
2025-01-20 21:53:44,170 [INFO] LogOutputStream:77 - [STDOUT_REDIRECT] 1 : Invalid condition id : UX_CORESTACK_Condition cause : null
2025-01-20 21:53:44,171 [INFO] LogOutputStream:77 - [STDOUT_REDIRECT] 1 : Invalid condition id : UX_CORESTACK_Condition cause : null
2025-01-20 21:53:44,171 [INFO] LogOutputStream:77 - [STDOUT_REDIRECT] 1 : Invalid condition id : UX_CORESTACK_Condition cause : null
2025-01-20 21:53:44,172 [INFO] LogOutputStream:77 - [STDOUT_REDIRECT] 1 : Invalid condition id : UX_CORESTACK_Condition cause : null
2025-01-20 21:53:44,173 [WARN] PackLoader:240 - Cannot read IP mode file for STMicroelectronics.X-CUBE-AZRTOS-WL.2.0.0
2025-01-20 21:53:44,183 [WARN] PackLoader:240 - Cannot read IP mode file for STMicroelectronics.FP-SNS-MOTENV1.5.0.0
2025-01-20 21:53:44,186 [WARN] PackLoader:240 - Cannot read IP mode file for wolfSSL.I-CUBE-wolfMQTT.1.19.0
2025-01-20 21:53:44,196 [WARN] PackLoader:240 - Cannot read IP mode file for WES.I-CUBE-Cesium.1.3.0
2025-01-20 21:53:44,204 [WARN] PackLoader:240 - Cannot read IP mode file for STMicroelectronics.X-CUBE-BLE2.3.3.0
2025-01-20 21:53:44,214 [WARN] PackLoader:240 - Cannot read IP mode file for STMicroelectronics.X-CUBE-NFC9.1.0.0
2025-01-20 21:53:44,223 [WARN] PackLoader:240 - Cannot read IP mode file for STMicroelectronics.X-CUBE-TCPP.4.1.0
2025-01-20 21:53:44,240 [WARN] PackLoader:240 - Cannot read IP mode file for STMicroelectronics.X-CUBE-AZRTOS-G0.1.1.0
2025-01-20 21:53:44,250 [WARN] PackLoader:240 - Cannot read IP mode file for STMicroelectronics.X-CUBE-SAFEA1.1.2.2
2025-01-20 21:53:44,259 [WARN] PackLoader:240 - Cannot read IP mode file for STMicroelectronics.X-CUBE-NFC4.3.0.0
2025-01-20 21:53:44,270 [WARN] PackLoader:240 - Cannot read IP mode file for EmbeddedOffice.I-CUBE-FS-RTOS.1.0.1
2025-01-20 21:53:44,270 [ERROR] ConditionMgr:805 - Attr not supported : Dmpu
2025-01-20 21:53:44,270 [ERROR] ConditionMgr:805 - Attr not supported : Dmpu
2025-01-20 21:53:44,270 [ERROR] ConditionMgr:805 - Attr not supported : Dmpu
2025-01-20 21:53:44,270 [ERROR] ConditionMgr:805 - Attr not supported : Dmpu
2025-01-20 21:53:44,270 [ERROR] ConditionMgr:805 - Attr not supported : Dmpu
2025-01-20 21:53:44,270 [ERROR] ConditionMgr:805 - Attr not supported : Dmpu
2025-01-20 21:53:44,270 [ERROR] ConditionMgr:805 - Attr not supported : Dmpu
2025-01-20 21:53:44,270 [ERROR] ConditionMgr:805 - Attr not supported : Dmpu
2025-01-20 21:53:44,270 [ERROR] ConditionMgr:805 - Attr not supported : Dmpu
2025-01-20 21:53:44,270 [ERROR] ConditionMgr:805 - Attr not supported : Dmpu
2025-01-20 21:53:44,270 [ERROR] ConditionMgr:805 - Attr not supported : Dmpu
2025-01-20 21:53:44,270 [ERROR] ConditionMgr:805 - Attr not supported : Dmpu
2025-01-20 21:53:44,270 [ERROR] ConditionMgr:805 - Attr not supported : Dmpu
2025-01-20 21:53:44,271 [ERROR] ConditionMgr:805 - Attr not supported : Dmpu
2025-01-20 21:53:44,271 [ERROR] ConditionMgr:805 - Attr not supported : Dmpu
2025-01-20 21:53:44,271 [ERROR] ConditionMgr:805 - Attr not supported : Dmpu
2025-01-20 21:53:44,271 [ERROR] ConditionMgr:805 - Attr not supported : Dmpu
2025-01-20 21:53:44,271 [ERROR] ConditionMgr:805 - Attr not supported : Dmpu
2025-01-20 21:53:44,271 [ERROR] ConditionMgr:805 - Attr not supported : Dmpu
2025-01-20 21:53:44,271 [ERROR] ConditionMgr:805 - Attr not supported : Dmpu
2025-01-20 21:53:44,271 [ERROR] ConditionMgr:805 - Attr not supported : Dmpu
2025-01-20 21:53:44,271 [ERROR] ConditionMgr:805 - Attr not supported : Dmpu
2025-01-20 21:53:44,271 [ERROR] ConditionMgr:805 - Attr not supported : Dmpu
2025-01-20 21:53:44,271 [ERROR] ConditionMgr:805 - Attr not supported : Dmpu
2025-01-20 21:53:44,271 [ERROR] ConditionMgr:805 - Attr not supported : Dmpu
2025-01-20 21:53:44,271 [ERROR] ConditionMgr:805 - Attr not supported : Dmpu
2025-01-20 21:53:44,271 [ERROR] ConditionMgr:805 - Attr not supported : Dmpu
2025-01-20 21:53:44,271 [ERROR] ConditionMgr:805 - Attr not supported : Dmpu
2025-01-20 21:53:44,271 [ERROR] ConditionMgr:805 - Attr not supported : Dmpu
2025-01-20 21:53:44,271 [ERROR] ConditionMgr:805 - Attr not supported : Dmpu
2025-01-20 21:53:44,271 [ERROR] ConditionMgr:805 - Attr not supported : Dmpu
2025-01-20 21:53:44,271 [ERROR] ConditionMgr:805 - Attr not supported : Dmpu
2025-01-20 21:53:44,271 [ERROR] ConditionMgr:805 - Attr not supported : Dmpu
2025-01-20 21:53:44,271 [ERROR] ConditionMgr:805 - Attr not supported : Dmpu
2025-01-20 21:53:44,271 [ERROR] ConditionMgr:805 - Attr not supported : Dmpu
2025-01-20 21:53:44,271 [ERROR] ConditionMgr:805 - Attr not supported : Dmpu
2025-01-20 21:53:44,271 [ERROR] ConditionMgr:805 - Attr not supported : Dmpu
2025-01-20 21:53:44,271 [ERROR] ConditionMgr:805 - Attr not supported : Dmpu
2025-01-20 21:53:44,271 [ERROR] ConditionMgr:805 - Attr not supported : Dmpu
2025-01-20 21:53:44,271 [ERROR] ConditionMgr:805 - Attr not supported : Dmpu
2025-01-20 21:53:44,271 [ERROR] ConditionMgr:805 - Attr not supported : Dmpu
2025-01-20 21:53:44,271 [ERROR] ConditionMgr:805 - Attr not supported : Dmpu
2025-01-20 21:53:44,271 [ERROR] ConditionMgr:805 - Attr not supported : Dmpu
2025-01-20 21:53:44,271 [ERROR] ConditionMgr:805 - Attr not supported : Dmpu
2025-01-20 21:53:44,271 [ERROR] ConditionMgr:805 - Attr not supported : Dmpu
2025-01-20 21:53:44,271 [ERROR] ConditionMgr:805 - Attr not supported : Dmpu
2025-01-20 21:53:44,271 [ERROR] ConditionMgr:805 - Attr not supported : Dmpu
2025-01-20 21:53:44,271 [ERROR] ConditionMgr:805 - Attr not supported : Dmpu
2025-01-20 21:53:44,271 [ERROR] ConditionMgr:805 - Attr not supported : Dmpu
2025-01-20 21:53:44,271 [ERROR] ConditionMgr:805 - Attr not supported : Dmpu
2025-01-20 21:53:44,271 [ERROR] ConditionMgr:805 - Attr not supported : Dmpu
2025-01-20 21:53:44,271 [ERROR] ConditionMgr:805 - Attr not supported : Dmpu
2025-01-20 21:53:44,271 [ERROR] ConditionMgr:805 - Attr not supported : Dmpu
2025-01-20 21:53:44,271 [ERROR] ConditionMgr:805 - Attr not supported : Dmpu
2025-01-20 21:53:44,271 [ERROR] ConditionMgr:805 - Attr not supported : Dmpu
2025-01-20 21:53:44,271 [ERROR] ConditionMgr:805 - Attr not supported : Dmpu
2025-01-20 21:53:44,271 [ERROR] ConditionMgr:805 - Attr not supported : Dmpu
2025-01-20 21:53:44,271 [ERROR] ConditionMgr:805 - Attr not supported : Dmpu
2025-01-20 21:53:44,271 [ERROR] ConditionMgr:805 - Attr not supported : Dmpu
2025-01-20 21:53:44,271 [ERROR] ConditionMgr:805 - Attr not supported : Dmpu
2025-01-20 21:53:44,271 [ERROR] ConditionMgr:805 - Attr not supported : Dmpu
2025-01-20 21:53:44,271 [ERROR] ConditionMgr:805 - Attr not supported : Dmpu
2025-01-20 21:53:44,271 [ERROR] ConditionMgr:805 - Attr not supported : Dmpu
2025-01-20 21:53:44,271 [ERROR] ConditionMgr:805 - Attr not supported : Dmpu
2025-01-20 21:53:44,273 [ERROR] Engine:466 - C:\Users\kirty\.stm32cubemx\thirdparties\pdsc\STMicroelectronics.X-CUBE-TCPP.4.2.0.pdsc: PDSC version is not supported
2025-01-20 21:53:44,282 [WARN] PackLoader:240 - Cannot read IP mode file for RealThread.X-CUBE-RT-Thread_Nano.4.1.1
2025-01-20 21:53:44,286 [WARN] PackLoader:240 - Cannot read IP mode file for STMicroelectronics.FP-ATR-SIGFOX1.3.2.0
2025-01-20 21:53:44,294 [WARN] PackLoader:240 - Cannot read IP mode file for wolfSSL.I-CUBE-wolfSSL.5.7.2
2025-01-20 21:53:44,297 [WARN] ConditionMgr:438 - getConditionDescription Invalid condition id : Cortex-A Device cause : null
2025-01-20 21:53:44,308 [WARN] ConditionMgr:1039 - genDependencies : Invalid condition id : Cortex-A Device cause : null
2025-01-20 21:53:44,308 [WARN] ConditionMgr:1039 - genDependencies : Invalid condition id : Cortex-A Device cause : null
2025-01-20 21:53:44,308 [WARN] ConditionMgr:1039 - genDependencies : Invalid condition id : Cortex-A Device cause : null
2025-01-20 21:53:44,317 [WARN] PackLoader:240 - Cannot read IP mode file for STMicroelectronics.X-CUBE-EEPRMA1.5.1.0
2025-01-20 21:53:44,329 [WARN] PackLoader:240 - Cannot read IP mode file for ITTIA_DB.I-CUBE-ITTIADB.8.9.0
2025-01-20 21:53:44,354 [WARN] PackLoader:240 - Cannot read IP mode file for SEGGER.I-CUBE-embOS.1.3.1
2025-01-20 21:53:44,375 [WARN] PackLoader:240 - Cannot read IP mode file for STMicroelectronics.X-CUBE-ALGOBUILD.1.4.0
2025-01-20 21:53:44,383 [WARN] PackLoader:240 - Cannot read IP mode file for STMicroelectronics.X-CUBE-AI.9.1.0
2025-01-20 21:53:44,399 [WARN] PackLoader:240 - Cannot read IP mode file for STMicroelectronics.X-CUBE-AZRTOS-F4.1.1.0
2025-01-20 21:53:44,409 [WARN] PackLoader:240 - Cannot read IP mode file for STMicroelectronics.X-CUBE-ISPU.2.1.0
2025-01-20 21:53:44,416 [WARN] PackLoader:240 - Cannot read IP mode file for STMicroelectronics.X-CUBE-FREERTOS.1.2.0
2025-01-20 21:53:44,431 [WARN] PackLoader:240 - Cannot read IP mode file for STMicroelectronics.X-CUBE-AZRTOS-L5.2.0.0
2025-01-20 21:53:44,441 [WARN] PackLoader:240 - Cannot read IP mode file for STMicroelectronics.X-CUBE-NFC6.3.1.0
2025-01-20 21:53:44,449 [WARN] PackLoader:240 - Cannot read IP mode file for STMicroelectronics.X-CUBE-DPower.1.2.0
2025-01-20 21:53:44,451 [WARN] PackLoader:240 - Cannot read IP mode file for STMicroelectronics.X-CUBE-FREERTOS.1.3.0
2025-01-20 21:53:44,460 [WARN] PackLoader:240 - Cannot read IP mode file for STMicroelectronics.X-CUBE-NFC7.1.0.1
2025-01-20 21:53:44,475 [WARN] ConditionMgr:438 - getConditionDescription Invalid condition id : LAN8742 Phy interface Condition cause : null
2025-01-20 21:53:44,476 [WARN] PackLoader:240 - Cannot read IP mode file for STMicroelectronics.X-CUBE-AZRTOS-L4.2.0.0
2025-01-20 21:53:44,476 [WARN] ConditionMgr:1039 - genDependencies : Invalid condition id : LAN8742 Phy interface Condition cause : null
2025-01-20 21:53:44,476 [WARN] ConditionMgr:1039 - genDependencies : Invalid condition id : LAN8742 Phy interface Condition cause : null
2025-01-20 21:53:44,476 [WARN] ConditionMgr:1039 - genDependencies : Invalid condition id : LAN8742 Phy interface Condition cause : null
2025-01-20 21:53:44,487 [WARN] PackLoader:240 - Cannot read IP mode file for STMicroelectronics.X-CUBE-SFXS2LP1.4.0.0
2025-01-20 21:53:44,504 [WARN] PackLoader:240 - Cannot read IP mode file for STMicroelectronics.X-CUBE-AZRTOS-H7.3.3.0
2025-01-20 21:53:44,516 [WARN] PackLoader:240 - Cannot read IP mode file for STMicroelectronics.X-CUBE-IPS.3.0.0
2025-01-20 21:53:44,532 [WARN] ConditionMgr:438 - getConditionDescription Invalid condition id : UX DEVICE CLASS RTOS Condition cause : null
2025-01-20 21:53:44,532 [WARN] ConditionMgr:438 - getConditionDescription Invalid condition id : UX DEVICE CLASS RTOS Condition cause : null
2025-01-20 21:53:44,533 [WARN] PackLoader:240 - Cannot read IP mode file for STMicroelectronics.X-CUBE-AZRTOS-WB.2.0.0
2025-01-20 21:53:44,533 [WARN] ConditionMgr:1039 - genDependencies : Invalid condition id : UX DEVICE CLASS RTOS Condition cause : null
2025-01-20 21:53:44,533 [WARN] ConditionMgr:1039 - genDependencies : Invalid condition id : UX DEVICE CLASS RTOS Condition cause : null
2025-01-20 21:53:44,533 [WARN] ConditionMgr:1039 - genDependencies : Invalid condition id : UX DEVICE CLASS RTOS Condition cause : null
2025-01-20 21:53:44,533 [WARN] ConditionMgr:1039 - genDependencies : Invalid condition id : UX DEVICE CLASS RTOS Condition cause : null
2025-01-20 21:53:44,533 [WARN] ConditionMgr:1039 - genDependencies : Invalid condition id : UX DEVICE CLASS RTOS Condition cause : null
2025-01-20 21:53:44,544 [WARN] PackLoader:240 - Cannot read IP mode file for STMicroelectronics.X-CUBE-GNSS1.7.0.0
2025-01-20 21:53:44,546 [WARN] PackLoader:240 - Cannot read IP mode file for STMicroelectronics.X-CUBE-GNSS1.7.0.1
2025-01-20 21:53:44,556 [WARN] PackLoader:240 - Cannot read IP mode file for STMicroelectronics.FP-SNS-STBOX1.2.0.0
2025-01-20 21:53:44,568 [WARN] PackLoader:240 - Cannot read IP mode file for STMicroelectronics.X-CUBE-SUBG2.5.0.0
2025-01-20 21:53:44,573 [WARN] PackLoader:240 - Cannot read IP mode file for Cesanta.I-CUBE-Mongoose.7.13.0
2025-01-20 21:53:44,588 [WARN] PackLoader:240 - Cannot read IP mode file for STMicroelectronics.X-CUBE-AZRTOS-G4.2.0.0
2025-01-20 21:53:44,590 [ERROR] Engine:466 - C:\Users\kirty\.stm32cubemx\thirdparties\pdsc\STMicroelectronics.X-CUBE-IPS.3.1.0.pdsc: PDSC version is not supported
2025-01-20 21:53:44,599 [WARN] PackLoader:240 - Cannot read IP mode file for STMicroelectronics.X-CUBE-ALS.1.0.2
2025-01-20 21:53:44,600 [WARN] PackLoader:240 - Cannot read IP mode file for STMicroelectronics.X-CUBE-TOUCHGFX.4.24.2
2025-01-20 21:53:44,608 [WARN] PackLoader:240 - Cannot read IP mode file for STMicroelectronics.X-CUBE-TOUCHGFX.4.24.1
2025-01-20 21:53:44,611 [WARN] PackLoader:240 - Cannot read IP mode file for wolfSSL.I-CUBE-wolfTPM.3.4.0
2025-01-20 21:53:44,620 [WARN] PackLoader:240 - Cannot read IP mode file for portGmbH.I-Cube-SoM-uGOAL.1.1.0
2025-01-20 21:53:44,636 [WARN] PackLoader:240 - Cannot read IP mode file for STMicroelectronics.X-CUBE-AZRTOS-H7RS.1.0.0
2025-01-20 21:53:44,645 [WARN] PackLoader:240 - Cannot read IP mode file for STMicroelectronics.FP-ATR-ASTRA1.2.0.0
2025-01-20 21:53:44,656 [WARN] PackLoader:240 - Cannot read IP mode file for STMicroelectronics.X-CUBE-TOF1.3.4.2
2025-01-20 21:53:44,676 [WARN] PackLoader:240 - Cannot read IP mode file for Infineon.AIROC-Wi-Fi-Bluetooth-STM32.1.6.1
2025-01-20 21:53:44,679 [WARN] PackLoader:240 - Cannot read IP mode file for wolfSSL.I-CUBE-wolfSSH.1.4.17
2025-01-20 21:53:44,680 [INFO] ThirdParty:978 - Integrity check success = true
2025-01-20 21:53:44,680 [INFO] IntegrityCheckThread:100 - exiting critical section [integrity check]
2025-01-20 21:53:44,680 [INFO] IntegrityCheckThread:103 - End integrity checks thread
2025-01-20 21:56:44,431 [ERROR] LogOutputStream:75 - [STDERR_REDIRECT] 
2025-01-20 21:57:03,493 [INFO] Activator:176 - 


2025-01-20 21:57:03,494 [INFO] Activator:177 - !SESSION log4j initialized
2025-01-20 21:57:05,996 [INFO] LogOutputStream:77 - [STDOUT_REDIRECT] 
2025-01-20 21:57:10,980 [INFO] ApplicationProperties:184 - Using Application install path: H:\Politechnika Poznanska\Semestr 5\Systemy microprocesorowe\STM32CubeIDE_1.16.1\STM32CubeIDE\plugins\com.st.stm32cube.common.mx_6.12.1.202409122256
2025-01-20 21:57:10,993 [INFO] DbMcusXml:78 - Set database path to: H:\Politechnika Poznanska\Semestr 5\Systemy microprocesorowe\STM32CubeIDE_1.16.1\STM32CubeIDE\plugins\com.st.stm32cube.common.mx_6.12.1.202409122256\\db\/mcu/
2025-01-20 21:57:10,994 [INFO] ApiDb:274 - Set plugin database path to: H:\Politechnika Poznanska\Semestr 5\Systemy microprocesorowe\STM32CubeIDE_1.16.1\STM32CubeIDE\plugins\com.st.stm32cube.common.mx_6.12.1.202409122256\\db\/plugins/boardmanager/
2025-01-20 21:57:10,994 [WARN] ApiDb:259 - Overriding images path with different value:  => H:\Politechnika Poznanska\Semestr 5\Systemy microprocesorowe\STM32CubeIDE_1.16.1\STM32CubeIDE\plugins\com.st.stm32cube.common.mx_6.12.1.202409122256\\db\/plugins/mcufinder/images/
2025-01-20 21:57:11,000 [INFO] ApiDb:250 - Set database path to: C:\Users\kirty\.stmcufinder\plugins\mcufinder//mcu/
2025-01-20 21:57:11,000 [INFO] DbMcusAds:125 - Set database path to: C:\Users\kirty\.stmcufinder\plugins\mcufinder//mcu/
2025-01-20 21:57:11,003 [INFO] CrossReferenceDbSqlite:203 - Set database path to: C:\Users\kirty\.stmcufinder\plugins\mcufinder//mcu/cs/
2025-01-20 21:57:11,082 [INFO] RulesReader:64 - Compatibility file has been processed (297 Rules)
2025-01-20 21:57:11,140 [INFO] DbMcusXml:78 - Set database path to: H:\Politechnika Poznanska\Semestr 5\Systemy microprocesorowe\STM32CubeIDE_1.16.1\STM32CubeIDE\plugins\com.st.stm32cube.common.mx_6.12.1.202409122256\\db\/mcu/
2025-01-20 21:57:11,140 [INFO] ApiDb:274 - Set plugin database path to: H:\Politechnika Poznanska\Semestr 5\Systemy microprocesorowe\STM32CubeIDE_1.16.1\STM32CubeIDE\plugins\com.st.stm32cube.common.mx_6.12.1.202409122256\\db\/plugins/boardmanager/
2025-01-20 21:57:11,140 [INFO] ApiDb:261 - Set plugin images path to: H:\Politechnika Poznanska\Semestr 5\Systemy microprocesorowe\STM32CubeIDE_1.16.1\STM32CubeIDE\plugins\com.st.stm32cube.common.mx_6.12.1.202409122256\\db\/plugins/mcufinder/images/
2025-01-20 21:57:11,140 [WARN] DbFile:41 - Overriding database path with different value: C:\Users\kirty\.stmcufinder\plugins\mcufinder/ => C:\Users\kirty\.stmcufinder\plugins\mcufinder
2025-01-20 21:57:11,140 [INFO] ApiDb:250 - Set database path to: C:\Users\kirty\.stmcufinder\plugins\mcufinder//mcu/
2025-01-20 21:57:11,140 [WARN] DbFile:41 - Overriding database path with different value: C:\Users\kirty\.stmcufinder\plugins\mcufinder/ => C:\Users\kirty\.stmcufinder\plugins\mcufinder
2025-01-20 21:57:11,140 [INFO] DbMcusAds:125 - Set database path to: C:\Users\kirty\.stmcufinder\plugins\mcufinder//mcu/
2025-01-20 21:57:11,140 [WARN] DbFile:41 - Overriding database path with different value: C:\Users\kirty\.stmcufinder\plugins\mcufinder/ => C:\Users\kirty\.stmcufinder\plugins\mcufinder
2025-01-20 21:57:11,140 [WARN] DbFile:41 - Overriding database path with different value: C:\Users\kirty\.stmcufinder\plugins\mcufinder/ => C:\Users\kirty\.stmcufinder\plugins\mcufinder
2025-01-20 21:57:11,141 [INFO] CrossReferenceDbSqlite:203 - Set database path to: C:\Users\kirty\.stmcufinder\plugins\mcufinder//mcu/cs/
2025-01-20 21:57:11,196 [INFO] MainPanel:268 - HeapMemory: 268435456
2025-01-20 21:57:11,265 [INFO] DbMcusXml:78 - Set database path to: H:\Politechnika Poznanska\Semestr 5\Systemy microprocesorowe\STM32CubeIDE_1.16.1\STM32CubeIDE\plugins\com.st.stm32cube.common.mx_6.12.1.202409122256\\db\/mcu/
2025-01-20 21:57:11,265 [INFO] ApiDb:274 - Set plugin database path to: H:\Politechnika Poznanska\Semestr 5\Systemy microprocesorowe\STM32CubeIDE_1.16.1\STM32CubeIDE\plugins\com.st.stm32cube.common.mx_6.12.1.202409122256\\db\/plugins/boardmanager/
2025-01-20 21:57:11,265 [INFO] ApiDb:261 - Set plugin images path to: H:\Politechnika Poznanska\Semestr 5\Systemy microprocesorowe\STM32CubeIDE_1.16.1\STM32CubeIDE\plugins\com.st.stm32cube.common.mx_6.12.1.202409122256\\db\/plugins/mcufinder/images/
2025-01-20 21:57:11,265 [WARN] DbFile:41 - Overriding database path with different value: C:\Users\kirty\.stmcufinder\plugins\mcufinder/ => C:\Users\kirty\.stmcufinder\plugins\mcufinder
2025-01-20 21:57:11,265 [INFO] ApiDb:250 - Set database path to: C:\Users\kirty\.stmcufinder\plugins\mcufinder//mcu/
2025-01-20 21:57:11,265 [WARN] DbFile:41 - Overriding database path with different value: C:\Users\kirty\.stmcufinder\plugins\mcufinder/ => C:\Users\kirty\.stmcufinder\plugins\mcufinder
2025-01-20 21:57:11,265 [INFO] DbMcusAds:125 - Set database path to: C:\Users\kirty\.stmcufinder\plugins\mcufinder//mcu/
2025-01-20 21:57:11,265 [WARN] DbFile:41 - Overriding database path with different value: C:\Users\kirty\.stmcufinder\plugins\mcufinder/ => C:\Users\kirty\.stmcufinder\plugins\mcufinder
2025-01-20 21:57:11,265 [WARN] DbFile:41 - Overriding database path with different value: C:\Users\kirty\.stmcufinder\plugins\mcufinder/ => C:\Users\kirty\.stmcufinder\plugins\mcufinder
2025-01-20 21:57:11,265 [INFO] CrossReferenceDbSqlite:203 - Set database path to: C:\Users\kirty\.stmcufinder\plugins\mcufinder//mcu/cs/
2025-01-20 21:57:11,275 [INFO] ApplicationProperties:184 - Using Application install path: H:\Politechnika Poznanska\Semestr 5\Systemy microprocesorowe\STM32CubeIDE_1.16.1\STM32CubeIDE\plugins\com.st.stm32cube.common.mx_6.12.1.202409122256
2025-01-20 21:57:11,277 [INFO] PluginManage:196 - Search for loadable plugins [exclusion list=, ]
2025-01-20 21:57:11,278 [INFO] PluginManage:310 - Check plugin analytics
2025-01-20 21:57:11,378 [INFO] AnalyticsPlugin:253 - Accepted Software Licenses: 
2025-01-20 21:57:11,378 [INFO] AnalyticsPlugin:255 - Accepted CMSIS Pack Licenses: 
2025-01-20 21:57:11,378 [INFO] AnalyticsPlugin:257 - Accepted Firmware Licenses: 
2025-01-20 21:57:11,380 [INFO] PluginManage:359 - Loaded plugin analytics (category:tool,tabindex:-1)
2025-01-20 21:57:11,380 [INFO] PluginManage:310 - Check plugin cadmodel
2025-01-20 21:57:11,383 [INFO] CADModel:105 - Init CAD model plugin
2025-01-20 21:57:11,383 [INFO] PluginManage:359 - Loaded plugin cadmodel (category:power,tabindex:5)
2025-01-20 21:57:11,383 [INFO] PluginManage:310 - Check plugin clock
2025-01-20 21:57:11,389 [INFO] PluginManage:359 - Loaded plugin clock (category:base,tabindex:2)
2025-01-20 21:57:11,389 [INFO] PluginManage:310 - Check plugin ddr
2025-01-20 21:57:11,391 [INFO] PluginManage:359 - Loaded plugin ddr (category:tool,tabindex:6)
2025-01-20 21:57:11,391 [INFO] PluginManage:310 - Check plugin filemanager
2025-01-20 21:57:11,494 [INFO] PluginManage:359 - Loaded plugin filemanager (category:base,tabindex:10)
2025-01-20 21:57:11,494 [INFO] PluginManage:310 - Check plugin ipmanager
2025-01-20 21:57:11,501 [INFO] PluginManage:359 - Loaded plugin ipmanager (category:base,tabindex:5)
2025-01-20 21:57:11,501 [INFO] PluginManage:310 - Check plugin lpbam
2025-01-20 21:57:11,507 [INFO] PluginManage:359 - Loaded plugin lpbam (category:base,tabindex:0)
2025-01-20 21:57:11,507 [INFO] PluginManage:310 - Check plugin memorymap
2025-01-20 21:57:11,546 [INFO] PluginManage:359 - Loaded plugin memorymap (category:base,tabindex:4)
2025-01-20 21:57:11,546 [INFO] PluginManage:310 - Check plugin pinoutandconfiguration
2025-01-20 21:57:11,551 [INFO] PluginManage:359 - Loaded plugin pinoutandconfiguration (category:base,tabindex:1)
2025-01-20 21:57:11,551 [INFO] PluginManage:310 - Check plugin pinoutconfig
2025-01-20 21:57:11,613 [WARN] SupportedApi:132 - Cannot load RTOS API schema: s4s-elt-must-match.1: The content of 'definitions' must match (annotation?, (simpleType | complexType)?, (unique | key | keyref)*)). A problem was found starting at: attribute.
2025-01-20 21:57:11,695 [INFO] PluginManage:359 - Loaded plugin pinoutconfig (category:base,tabindex:0)
2025-01-20 21:57:11,696 [INFO] PluginManage:310 - Check plugin power
2025-01-20 21:57:11,700 [INFO] PluginManage:359 - Loaded plugin power (category:power,tabindex:4)
2025-01-20 21:57:11,700 [INFO] PluginManage:310 - Check plugin projectmanager
2025-01-20 21:57:11,710 [INFO] PluginManage:359 - Loaded plugin projectmanager (category:projectmanager,tabindex:4)
2025-01-20 21:57:11,710 [INFO] PluginManage:310 - Check plugin rif
2025-01-20 21:57:11,720 [INFO] PluginManage:359 - Loaded plugin rif (category:base,tabindex:3)
2025-01-20 21:57:11,720 [INFO] PluginManage:310 - Check plugin thirdparty
2025-01-20 21:57:11,852 [INFO] PluginManage:359 - Loaded plugin thirdparty (category:base,tabindex:-1)
2025-01-20 21:57:11,852 [INFO] PluginManage:310 - Check plugin tools
2025-01-20 21:57:11,852 [WARN] IntegrityCheckThread:84 - waiting for thirdparty lock release [integrity check]
2025-01-20 21:57:11,852 [INFO] IntegrityCheckThread:86 - entering critical section [integrity check]
2025-01-20 21:57:11,853 [INFO] ThirdPartyUpdaterWithRetryManager:70 - Updater plugin not ready yet. [1/15]
2025-01-20 21:57:11,853 [INFO] PluginManage:359 - Loaded plugin tools (category:base,tabindex:7)
2025-01-20 21:57:11,853 [INFO] PluginManage:310 - Check plugin tutovideos
2025-01-20 21:57:11,967 [INFO] PluginManage:359 - Loaded plugin tutovideos (category:base,tabindex:-1)
2025-01-20 21:57:11,967 [INFO] PluginManage:310 - Check plugin updater
2025-01-20 21:57:11,979 [INFO] PluginManage:359 - Loaded plugin updater (category:base,tabindex:12)
2025-01-20 21:57:11,979 [INFO] PluginManage:310 - Check plugin userauth
2025-01-20 21:57:11,982 [INFO] UserAuth:113 - Init User Auth plugin
2025-01-20 21:57:11,982 [INFO] PluginManage:359 - Loaded plugin userauth (category:base,tabindex:14)
2025-01-20 21:57:11,982 [INFO] PluginManage:283 - PluginManage : Loaded plugins [18]
2025-01-20 21:57:12,114 [INFO] PinOutPanel:1561 - setPackage(No Configuration,No Configuration)
2025-01-20 21:57:12,179 [INFO] CADModel:165 - CPN selected for project level
2025-01-20 21:57:12,179 [INFO] CADModel:114 - Register for checkConnection events
2025-01-20 21:57:12,187 [INFO] IPUIPlugin:80 - create IPUIPlugin
2025-01-20 21:57:12,187 [INFO] PluginManager:220 - loadIPPluginJar : add adc
2025-01-20 21:57:12,190 [INFO] IPUIPlugin:80 - create IPUIPlugin
2025-01-20 21:57:12,190 [INFO] PluginManager:220 - loadIPPluginJar : add aes
2025-01-20 21:57:12,190 [INFO] IPUIPlugin:80 - create IPUIPlugin
2025-01-20 21:57:12,191 [INFO] PluginManager:220 - loadIPPluginJar : add can
2025-01-20 21:57:12,191 [INFO] IPUIPlugin:80 - create IPUIPlugin
2025-01-20 21:57:12,191 [INFO] PluginManager:220 - loadIPPluginJar : add comp
2025-01-20 21:57:12,192 [INFO] IPUIPlugin:80 - create IPUIPlugin
2025-01-20 21:57:12,192 [INFO] PluginManager:220 - loadIPPluginJar : add cryp
2025-01-20 21:57:12,203 [INFO] IPUIPlugin:80 - create IPUIPlugin
2025-01-20 21:57:12,203 [INFO] PluginManager:220 - loadIPPluginJar : add ddr_ctrl_phy
2025-01-20 21:57:12,206 [INFO] IPUIPlugin:80 - create IPUIPlugin
2025-01-20 21:57:12,206 [INFO] PluginManager:220 - loadIPPluginJar : add dfsdm
2025-01-20 21:57:12,209 [INFO] IPUIPlugin:80 - create IPUIPlugin
2025-01-20 21:57:12,209 [INFO] PluginManager:220 - loadIPPluginJar : add dma
2025-01-20 21:57:12,211 [INFO] IPUIPlugin:80 - create IPUIPlugin
2025-01-20 21:57:12,211 [INFO] PluginManager:220 - loadIPPluginJar : add dma3
2025-01-20 21:57:12,213 [INFO] IPUIPlugin:80 - create IPUIPlugin
2025-01-20 21:57:12,213 [INFO] PluginManager:220 - loadIPPluginJar : add extmemmanager
2025-01-20 21:57:12,214 [INFO] IPUIPlugin:80 - create IPUIPlugin
2025-01-20 21:57:12,214 [INFO] PluginManager:220 - loadIPPluginJar : add fatfs
2025-01-20 21:57:12,217 [INFO] IPUIPlugin:80 - create IPUIPlugin
2025-01-20 21:57:12,217 [INFO] PluginManager:220 - loadIPPluginJar : add fmc
2025-01-20 21:57:12,219 [INFO] IPUIPlugin:80 - create IPUIPlugin
2025-01-20 21:57:12,219 [INFO] PluginManager:220 - loadIPPluginJar : add freertos
2025-01-20 21:57:12,219 [INFO] IPUIPlugin:80 - create IPUIPlugin
2025-01-20 21:57:12,219 [INFO] PluginManager:220 - loadIPPluginJar : add genericplugin
2025-01-20 21:57:12,220 [INFO] IPUIPlugin:80 - create IPUIPlugin
2025-01-20 21:57:12,220 [INFO] PluginManager:220 - loadIPPluginJar : add gfxmmu
2025-01-20 21:57:12,222 [INFO] IPUIPlugin:80 - create IPUIPlugin
2025-01-20 21:57:12,222 [INFO] PluginManager:220 - loadIPPluginJar : add gic
2025-01-20 21:57:12,225 [INFO] IPUIPlugin:80 - create IPUIPlugin
2025-01-20 21:57:12,225 [INFO] PluginManager:220 - loadIPPluginJar : add gpio
2025-01-20 21:57:12,226 [INFO] IPUIPlugin:80 - create IPUIPlugin
2025-01-20 21:57:12,226 [INFO] PluginManager:220 - loadIPPluginJar : add gtzc
2025-01-20 21:57:12,227 [INFO] IPUIPlugin:80 - create IPUIPlugin
2025-01-20 21:57:12,227 [INFO] PluginManager:220 - loadIPPluginJar : add hash
2025-01-20 21:57:12,228 [INFO] IPUIPlugin:80 - create IPUIPlugin
2025-01-20 21:57:12,228 [INFO] PluginManager:220 - loadIPPluginJar : add i2c
2025-01-20 21:57:12,229 [INFO] IPUIPlugin:80 - create IPUIPlugin
2025-01-20 21:57:12,230 [INFO] PluginManager:220 - loadIPPluginJar : add i2s
2025-01-20 21:57:12,231 [INFO] IPUIPlugin:80 - create IPUIPlugin
2025-01-20 21:57:12,231 [INFO] PluginManager:220 - loadIPPluginJar : add i3c
2025-01-20 21:57:12,293 [INFO] IPUIPlugin:80 - create IPUIPlugin
2025-01-20 21:57:12,293 [INFO] PluginManager:220 - loadIPPluginJar : add ipddr
2025-01-20 21:57:12,299 [INFO] IPUIPlugin:80 - create IPUIPlugin
2025-01-20 21:57:12,300 [INFO] PluginManager:220 - loadIPPluginJar : add linkedlist
2025-01-20 21:57:12,302 [INFO] IPUIPlugin:80 - create IPUIPlugin
2025-01-20 21:57:12,302 [INFO] PluginManager:220 - loadIPPluginJar : add lorawan
2025-01-20 21:57:12,303 [INFO] IPUIPlugin:80 - create IPUIPlugin
2025-01-20 21:57:12,303 [INFO] PluginManager:220 - loadIPPluginJar : add ltdc
2025-01-20 21:57:12,305 [INFO] IPUIPlugin:80 - create IPUIPlugin
2025-01-20 21:57:12,305 [INFO] PluginManager:220 - loadIPPluginJar : add mdma
2025-01-20 21:57:12,307 [INFO] IPUIPlugin:80 - create IPUIPlugin
2025-01-20 21:57:12,307 [INFO] PluginManager:220 - loadIPPluginJar : add nvic
2025-01-20 21:57:12,308 [INFO] IPUIPlugin:80 - create IPUIPlugin
2025-01-20 21:57:12,308 [INFO] PluginManager:220 - loadIPPluginJar : add opamp
2025-01-20 21:57:12,310 [INFO] IPUIPlugin:80 - create IPUIPlugin
2025-01-20 21:57:12,310 [INFO] PluginManager:220 - loadIPPluginJar : add openamp
2025-01-20 21:57:12,311 [INFO] IPUIPlugin:80 - create IPUIPlugin
2025-01-20 21:57:12,311 [INFO] PluginManager:220 - loadIPPluginJar : add pdm2pcm
2025-01-20 21:57:12,314 [INFO] IPUIPlugin:80 - create IPUIPlugin
2025-01-20 21:57:12,316 [INFO] PluginManager:220 - loadIPPluginJar : add plateformsettings
2025-01-20 21:57:12,316 [INFO] IPUIPlugin:80 - create IPUIPlugin
2025-01-20 21:57:12,316 [INFO] PluginManager:220 - loadIPPluginJar : add quadspi
2025-01-20 21:57:12,318 [INFO] IPUIPlugin:80 - create IPUIPlugin
2025-01-20 21:57:12,318 [INFO] PluginManager:220 - loadIPPluginJar : add radio
2025-01-20 21:57:12,320 [INFO] IPUIPlugin:80 - create IPUIPlugin
2025-01-20 21:57:12,320 [INFO] PluginManager:220 - loadIPPluginJar : add resmgrutility
2025-01-20 21:57:12,321 [INFO] IPUIPlugin:80 - create IPUIPlugin
2025-01-20 21:57:12,321 [INFO] PluginManager:220 - loadIPPluginJar : add sai
2025-01-20 21:57:12,326 [INFO] IPUIPlugin:80 - create IPUIPlugin
2025-01-20 21:57:12,326 [INFO] PluginManager:220 - loadIPPluginJar : add spi
2025-01-20 21:57:12,330 [INFO] IPUIPlugin:80 - create IPUIPlugin
2025-01-20 21:57:12,330 [INFO] PluginManager:220 - loadIPPluginJar : add stm32_wpan
2025-01-20 21:57:12,331 [INFO] IPUIPlugin:80 - create IPUIPlugin
2025-01-20 21:57:12,331 [INFO] PluginManager:220 - loadIPPluginJar : add tim
2025-01-20 21:57:12,332 [INFO] IPUIPlugin:80 - create IPUIPlugin
2025-01-20 21:57:12,332 [INFO] PluginManager:220 - loadIPPluginJar : add touchsensing
2025-01-20 21:57:12,334 [INFO] IPUIPlugin:80 - create IPUIPlugin
2025-01-20 21:57:12,334 [INFO] PluginManager:220 - loadIPPluginJar : add tracer_emb
2025-01-20 21:57:12,335 [INFO] IPUIPlugin:80 - create IPUIPlugin
2025-01-20 21:57:12,335 [INFO] PluginManager:220 - loadIPPluginJar : add ts
2025-01-20 21:57:12,336 [INFO] IPUIPlugin:80 - create IPUIPlugin
2025-01-20 21:57:12,336 [INFO] PluginManager:220 - loadIPPluginJar : add tsc
2025-01-20 21:57:12,337 [INFO] IPUIPlugin:80 - create IPUIPlugin
2025-01-20 21:57:12,337 [INFO] PluginManager:220 - loadIPPluginJar : add ucpd
2025-01-20 21:57:12,338 [INFO] IPUIPlugin:80 - create IPUIPlugin
2025-01-20 21:57:12,338 [INFO] PluginManager:220 - loadIPPluginJar : add usart
2025-01-20 21:57:12,340 [INFO] IPUIPlugin:80 - create IPUIPlugin
2025-01-20 21:57:12,340 [INFO] PluginManager:220 - loadIPPluginJar : add usbx
2025-01-20 21:57:12,441 [INFO] CADModel:165 - CPN selected for project level
2025-01-20 21:57:12,441 [INFO] CADModel:114 - Register for checkConnection events
2025-01-20 21:57:12,441 [FATAL] Updater:334 - Updater called before beeing initialized
2025-01-20 21:57:12,441 [ERROR] CADModel:125 - Updater not yet initialized, retry later 
2025-01-20 21:57:12,527 [INFO] CADModel:165 - CPN selected for project level
2025-01-20 21:57:12,527 [INFO] CADModel:114 - Register for checkConnection events
2025-01-20 21:57:12,527 [FATAL] Updater:334 - Updater called before beeing initialized
2025-01-20 21:57:12,527 [ERROR] CADModel:125 - Updater not yet initialized, retry later 
2025-01-20 21:57:12,529 [FATAL] Updater:334 - Updater called before beeing initialized
2025-01-20 21:57:12,580 [FATAL] Updater:334 - Updater called before beeing initialized
2025-01-20 21:57:12,583 [INFO] DbMcusAds:53 - JSON generation date=Thu Sep 30 08:55:09 CEST 2021 (1632984909247)
2025-01-20 21:57:12,583 [FATAL] Updater:334 - Updater called before beeing initialized
2025-01-20 21:57:12,606 [WARN] DetailPanel:346 - Failed to get advertising image, set to default
2025-01-20 21:57:12,655 [FATAL] Updater:334 - Updater called before beeing initialized
2025-01-20 21:57:12,656 [FATAL] Updater:334 - Updater called before beeing initialized
2025-01-20 21:57:12,656 [FATAL] Updater:334 - Updater called before beeing initialized
2025-01-20 21:57:12,656 [WARN] DetailPanel:346 - Failed to get advertising image, set to default
2025-01-20 21:57:12,657 [FATAL] Updater:334 - Updater called before beeing initialized
2025-01-20 21:57:12,691 [ERROR] Updater:1164 - MainUpdater not yet initialized. External WinMGr cannot be set.
2025-01-20 21:57:12,698 [INFO] Updater:1100 - Updater Version found : 6.12.1
2025-01-20 21:57:12,715 [INFO] ApplicationProperties:184 - Using Application install path: H:\Politechnika Poznanska\Semestr 5\Systemy microprocesorowe\STM32CubeIDE_1.16.1\STM32CubeIDE\plugins\com.st.stm32cube.common.mx_6.12.1.202409122256
2025-01-20 21:57:14,277 [ERROR] LogOutputStream:75 - [STDERR_REDIRECT] Jan 20, 2025 9:57:14 PM java.util.prefs.WindowsPreferences <init>
2025-01-20 21:57:14,279 [ERROR] LogOutputStream:75 - [STDERR_REDIRECT] WARNING: Could not open/create prefs root node Software\JavaSoft\Prefs at root 0xffffffff80000002. Windows RegCreateKeyEx(...) returned error code 5.
2025-01-20 21:57:14,279 [ERROR] LogOutputStream:75 - [STDERR_REDIRECT] 
2025-01-20 21:57:14,853 [INFO] ThirdPartyUpdaterWithRetryManager:70 - Updater plugin not ready yet. [2/15]
2025-01-20 21:57:15,531 [INFO] MainUpdater:2873 - connection check result : 10
2025-01-20 21:57:15,532 [INFO] MainUpdater:290 - Updater Check For Update Now.
2025-01-20 21:57:15,532 [INFO] MicroXplorer:498 - Change Database Version : DB.6.0.121
2025-01-20 21:57:15,551 [INFO] McuFinderGlobals:63 - Set McuFinder mode to 2 (CubeIDE integrated)
2025-01-20 21:57:15,551 [INFO] UserAuth:179 - activating auth plugin
2025-01-20 21:57:15,554 [INFO] UserAuth:417 - Internet connection configuration mode: 1
2025-01-20 21:57:15,582 [INFO] JxBrowserEngine:152 - Initiate JxBrowser Engine with user profile folder
2025-01-20 21:57:15,680 [INFO] CheckServerUpdateThread:120 - End of CheckServer Thread
2025-01-20 21:57:16,102 [INFO] WebApp:167 - Instantiating new browser for Auth
2025-01-20 21:57:16,600 [INFO] WebApp:448 - Apply proxy settings
2025-01-20 21:57:16,601 [INFO] WebApp:533 - Chromium requires no authentication
2025-01-20 21:57:16,608 [INFO] WebApp:476 - Direct internet connection detected
2025-01-20 21:57:16,624 [INFO] WebApp:869 - Register for checkConnection events
2025-01-20 21:57:16,624 [INFO] WebApp:448 - Apply proxy settings
2025-01-20 21:57:16,624 [INFO] WebApp:533 - Chromium requires no authentication
2025-01-20 21:57:16,624 [INFO] WebApp:476 - Direct internet connection detected
2025-01-20 21:57:16,735 [INFO] WebApp:220 - Starting web application
2025-01-20 21:57:16,736 [INFO] WebApp:578 - Web application path used H:\Politechnika Poznanska\Semestr 5\Systemy microprocesorowe\STM32CubeIDE_1.16.1\STM32CubeIDE\plugins\com.st.stm32cube.common.mx_6.12.1.202409122256\db\plugins\mcufinder\reactClient1\index.html
2025-01-20 21:57:16,838 [INFO] WebApp:186 - Connection restablished
2025-01-20 21:57:17,983 [WARN] PackLoader:240 - Cannot read IP mode file for STMicroelectronics.FP-SNS-MOTENVWB1.1.4.0
2025-01-20 21:57:17,990 [WARN] PackLoader:240 - Cannot read IP mode file for STMicroelectronics.FP-ATR-ASTRA1.2.0.1
2025-01-20 21:57:17,995 [WARN] PackLoader:240 - Cannot read IP mode file for STMicroelectronics.X-CUBE-SMBUS.2.1.0
2025-01-20 21:57:17,999 [WARN] PackLoader:240 - Cannot read IP mode file for STMicroelectronics.X-CUBE-WB05N.1.1.0
2025-01-20 21:57:18,013 [WARN] PackLoader:240 - Cannot read IP mode file for STMicroelectronics.X-CUBE-AZRTOS-F7.1.1.0
2025-01-20 21:57:18,044 [WARN] PackLoader:240 - Cannot read IP mode file for STMicroelectronics.X-CUBE-MEMS1.11.0.0
2025-01-20 21:57:18,121 [WARN] PackLoader:240 - Cannot read IP mode file for STMicroelectronics.FP-SNS-FLIGHT1.5.0.2
2025-01-20 21:57:18,132 [WARN] PackLoader:240 - Cannot read IP mode file for STMicroelectronics.X-CUBE-DISPLAY.3.0.0
2025-01-20 21:57:18,137 [WARN] PackLoader:240 - Cannot read IP mode file for STMicroelectronics.X-CUBE-BLE1.7.0.0
2025-01-20 21:57:18,142 [WARN] PackLoader:240 - Cannot read IP mode file for STMicroelectronics.X-CUBE-NFC10.1.0.0
2025-01-20 21:57:18,149 [WARN] PackLoader:240 - Cannot read IP mode file for STMicroelectronics.X-CUBE-BLEMGR.4.0.0
2025-01-20 21:57:18,155 [WARN] PackLoader:240 - Cannot read IP mode file for emotas.I-CUBE-CANOPEN.1.3.0
2025-01-20 21:57:18,159 [WARN] PackLoader:240 - Cannot read IP mode file for STMicroelectronics.X-CUBE-BLEMGR.3.1.0
2025-01-20 21:57:18,164 [WARN] PackLoader:240 - Cannot read IP mode file for STMicroelectronics.FP-SNS-SMARTAG2.1.2.0
2025-01-20 21:57:18,193 [WARN] PackLoader:240 - Cannot read IP mode file for STMicroelectronics.X-CUBE-MEMS1.11.1.0
2025-01-20 21:57:18,245 [INFO] LogOutputStream:77 - [STDOUT_REDIRECT] 1 : Invalid condition id : UX_CORESTACK_Condition cause : null
2025-01-20 21:57:18,247 [INFO] LogOutputStream:77 - [STDOUT_REDIRECT] 1 : Invalid condition id : UX_CORESTACK_Condition cause : null
2025-01-20 21:57:18,248 [INFO] LogOutputStream:77 - [STDOUT_REDIRECT] 1 : Invalid condition id : UX_CORESTACK_Condition cause : null
2025-01-20 21:57:18,248 [INFO] LogOutputStream:77 - [STDOUT_REDIRECT] 1 : Invalid condition id : UX_CORESTACK_Condition cause : null
2025-01-20 21:57:18,250 [INFO] LogOutputStream:77 - [STDOUT_REDIRECT] 1 : Invalid condition id : UX_CORESTACK_Condition cause : null
2025-01-20 21:57:18,251 [WARN] PackLoader:240 - Cannot read IP mode file for STMicroelectronics.X-CUBE-AZRTOS-WL.2.0.0
2025-01-20 21:57:18,257 [WARN] PackLoader:240 - Cannot read IP mode file for STMicroelectronics.FP-SNS-MOTENV1.5.0.0
2025-01-20 21:57:18,260 [WARN] PackLoader:240 - Cannot read IP mode file for wolfSSL.I-CUBE-wolfMQTT.1.19.0
2025-01-20 21:57:18,266 [WARN] PackLoader:240 - Cannot read IP mode file for WES.I-CUBE-Cesium.1.3.0
2025-01-20 21:57:18,269 [WARN] PackLoader:240 - Cannot read IP mode file for STMicroelectronics.X-CUBE-BLE2.3.3.0
2025-01-20 21:57:18,273 [WARN] PackLoader:240 - Cannot read IP mode file for STMicroelectronics.X-CUBE-NFC9.1.0.0
2025-01-20 21:57:18,277 [WARN] PackLoader:240 - Cannot read IP mode file for STMicroelectronics.X-CUBE-TCPP.4.1.0
2025-01-20 21:57:18,284 [WARN] PackLoader:240 - Cannot read IP mode file for STMicroelectronics.X-CUBE-AZRTOS-G0.1.1.0
2025-01-20 21:57:18,289 [WARN] PackLoader:240 - Cannot read IP mode file for STMicroelectronics.X-CUBE-SAFEA1.1.2.2
2025-01-20 21:57:18,292 [WARN] PackLoader:240 - Cannot read IP mode file for STMicroelectronics.X-CUBE-NFC4.3.0.0
2025-01-20 21:57:18,298 [WARN] PackLoader:240 - Cannot read IP mode file for EmbeddedOffice.I-CUBE-FS-RTOS.1.0.1
2025-01-20 21:57:18,298 [ERROR] ConditionMgr:805 - Attr not supported : Dmpu
2025-01-20 21:57:18,298 [ERROR] ConditionMgr:805 - Attr not supported : Dmpu
2025-01-20 21:57:18,298 [ERROR] ConditionMgr:805 - Attr not supported : Dmpu
2025-01-20 21:57:18,298 [ERROR] ConditionMgr:805 - Attr not supported : Dmpu
2025-01-20 21:57:18,298 [ERROR] ConditionMgr:805 - Attr not supported : Dmpu
2025-01-20 21:57:18,298 [ERROR] ConditionMgr:805 - Attr not supported : Dmpu
2025-01-20 21:57:18,298 [ERROR] ConditionMgr:805 - Attr not supported : Dmpu
2025-01-20 21:57:18,298 [ERROR] ConditionMgr:805 - Attr not supported : Dmpu
2025-01-20 21:57:18,298 [ERROR] ConditionMgr:805 - Attr not supported : Dmpu
2025-01-20 21:57:18,298 [ERROR] ConditionMgr:805 - Attr not supported : Dmpu
2025-01-20 21:57:18,298 [ERROR] ConditionMgr:805 - Attr not supported : Dmpu
2025-01-20 21:57:18,298 [ERROR] ConditionMgr:805 - Attr not supported : Dmpu
2025-01-20 21:57:18,298 [ERROR] ConditionMgr:805 - Attr not supported : Dmpu
2025-01-20 21:57:18,298 [ERROR] ConditionMgr:805 - Attr not supported : Dmpu
2025-01-20 21:57:18,299 [ERROR] ConditionMgr:805 - Attr not supported : Dmpu
2025-01-20 21:57:18,299 [ERROR] ConditionMgr:805 - Attr not supported : Dmpu
2025-01-20 21:57:18,299 [ERROR] ConditionMgr:805 - Attr not supported : Dmpu
2025-01-20 21:57:18,299 [ERROR] ConditionMgr:805 - Attr not supported : Dmpu
2025-01-20 21:57:18,299 [ERROR] ConditionMgr:805 - Attr not supported : Dmpu
2025-01-20 21:57:18,299 [ERROR] ConditionMgr:805 - Attr not supported : Dmpu
2025-01-20 21:57:18,299 [ERROR] ConditionMgr:805 - Attr not supported : Dmpu
2025-01-20 21:57:18,299 [ERROR] ConditionMgr:805 - Attr not supported : Dmpu
2025-01-20 21:57:18,299 [ERROR] ConditionMgr:805 - Attr not supported : Dmpu
2025-01-20 21:57:18,299 [ERROR] ConditionMgr:805 - Attr not supported : Dmpu
2025-01-20 21:57:18,299 [ERROR] ConditionMgr:805 - Attr not supported : Dmpu
2025-01-20 21:57:18,299 [ERROR] ConditionMgr:805 - Attr not supported : Dmpu
2025-01-20 21:57:18,299 [ERROR] ConditionMgr:805 - Attr not supported : Dmpu
2025-01-20 21:57:18,299 [ERROR] ConditionMgr:805 - Attr not supported : Dmpu
2025-01-20 21:57:18,299 [ERROR] ConditionMgr:805 - Attr not supported : Dmpu
2025-01-20 21:57:18,299 [ERROR] ConditionMgr:805 - Attr not supported : Dmpu
2025-01-20 21:57:18,299 [ERROR] ConditionMgr:805 - Attr not supported : Dmpu
2025-01-20 21:57:18,299 [ERROR] ConditionMgr:805 - Attr not supported : Dmpu
2025-01-20 21:57:18,299 [ERROR] ConditionMgr:805 - Attr not supported : Dmpu
2025-01-20 21:57:18,299 [ERROR] ConditionMgr:805 - Attr not supported : Dmpu
2025-01-20 21:57:18,299 [ERROR] ConditionMgr:805 - Attr not supported : Dmpu
2025-01-20 21:57:18,299 [ERROR] ConditionMgr:805 - Attr not supported : Dmpu
2025-01-20 21:57:18,299 [ERROR] ConditionMgr:805 - Attr not supported : Dmpu
2025-01-20 21:57:18,299 [ERROR] ConditionMgr:805 - Attr not supported : Dmpu
2025-01-20 21:57:18,299 [ERROR] ConditionMgr:805 - Attr not supported : Dmpu
2025-01-20 21:57:18,299 [ERROR] ConditionMgr:805 - Attr not supported : Dmpu
2025-01-20 21:57:18,299 [ERROR] ConditionMgr:805 - Attr not supported : Dmpu
2025-01-20 21:57:18,299 [ERROR] ConditionMgr:805 - Attr not supported : Dmpu
2025-01-20 21:57:18,299 [ERROR] ConditionMgr:805 - Attr not supported : Dmpu
2025-01-20 21:57:18,299 [ERROR] ConditionMgr:805 - Attr not supported : Dmpu
2025-01-20 21:57:18,299 [ERROR] ConditionMgr:805 - Attr not supported : Dmpu
2025-01-20 21:57:18,299 [ERROR] ConditionMgr:805 - Attr not supported : Dmpu
2025-01-20 21:57:18,299 [ERROR] ConditionMgr:805 - Attr not supported : Dmpu
2025-01-20 21:57:18,299 [ERROR] ConditionMgr:805 - Attr not supported : Dmpu
2025-01-20 21:57:18,299 [ERROR] ConditionMgr:805 - Attr not supported : Dmpu
2025-01-20 21:57:18,299 [ERROR] ConditionMgr:805 - Attr not supported : Dmpu
2025-01-20 21:57:18,299 [ERROR] ConditionMgr:805 - Attr not supported : Dmpu
2025-01-20 21:57:18,299 [ERROR] ConditionMgr:805 - Attr not supported : Dmpu
2025-01-20 21:57:18,299 [ERROR] ConditionMgr:805 - Attr not supported : Dmpu
2025-01-20 21:57:18,299 [ERROR] ConditionMgr:805 - Attr not supported : Dmpu
2025-01-20 21:57:18,300 [ERROR] ConditionMgr:805 - Attr not supported : Dmpu
2025-01-20 21:57:18,300 [ERROR] ConditionMgr:805 - Attr not supported : Dmpu
2025-01-20 21:57:18,300 [ERROR] ConditionMgr:805 - Attr not supported : Dmpu
2025-01-20 21:57:18,300 [ERROR] ConditionMgr:805 - Attr not supported : Dmpu
2025-01-20 21:57:18,300 [ERROR] ConditionMgr:805 - Attr not supported : Dmpu
2025-01-20 21:57:18,300 [ERROR] ConditionMgr:805 - Attr not supported : Dmpu
2025-01-20 21:57:18,300 [ERROR] ConditionMgr:805 - Attr not supported : Dmpu
2025-01-20 21:57:18,300 [ERROR] ConditionMgr:805 - Attr not supported : Dmpu
2025-01-20 21:57:18,300 [ERROR] ConditionMgr:805 - Attr not supported : Dmpu
2025-01-20 21:57:18,300 [ERROR] ConditionMgr:805 - Attr not supported : Dmpu
2025-01-20 21:57:18,302 [ERROR] Engine:466 - C:\Users\kirty\.stm32cubemx\thirdparties\pdsc\STMicroelectronics.X-CUBE-TCPP.4.2.0.pdsc: PDSC version is not supported
2025-01-20 21:57:18,306 [WARN] PackLoader:240 - Cannot read IP mode file for RealThread.X-CUBE-RT-Thread_Nano.4.1.1
2025-01-20 21:57:18,308 [WARN] PackLoader:240 - Cannot read IP mode file for STMicroelectronics.FP-ATR-SIGFOX1.3.2.0
2025-01-20 21:57:18,311 [WARN] PackLoader:240 - Cannot read IP mode file for wolfSSL.I-CUBE-wolfSSL.5.7.2
2025-01-20 21:57:18,313 [WARN] ConditionMgr:438 - getConditionDescription Invalid condition id : Cortex-A Device cause : null
2025-01-20 21:57:18,324 [WARN] ConditionMgr:1039 - genDependencies : Invalid condition id : Cortex-A Device cause : null
2025-01-20 21:57:18,324 [WARN] ConditionMgr:1039 - genDependencies : Invalid condition id : Cortex-A Device cause : null
2025-01-20 21:57:18,324 [WARN] ConditionMgr:1039 - genDependencies : Invalid condition id : Cortex-A Device cause : null
2025-01-20 21:57:18,330 [WARN] PackLoader:240 - Cannot read IP mode file for STMicroelectronics.X-CUBE-EEPRMA1.5.1.0
2025-01-20 21:57:18,335 [WARN] PackLoader:240 - Cannot read IP mode file for ITTIA_DB.I-CUBE-ITTIADB.8.9.0
2025-01-20 21:57:18,364 [WARN] PackLoader:240 - Cannot read IP mode file for SEGGER.I-CUBE-embOS.1.3.1
2025-01-20 21:57:18,386 [WARN] PackLoader:240 - Cannot read IP mode file for STMicroelectronics.X-CUBE-ALGOBUILD.1.4.0
2025-01-20 21:57:18,389 [WARN] PackLoader:240 - Cannot read IP mode file for STMicroelectronics.X-CUBE-AI.9.1.0
2025-01-20 21:57:18,395 [WARN] PackLoader:240 - Cannot read IP mode file for STMicroelectronics.X-CUBE-AZRTOS-F4.1.1.0
2025-01-20 21:57:18,399 [WARN] PackLoader:240 - Cannot read IP mode file for STMicroelectronics.X-CUBE-ISPU.2.1.0
2025-01-20 21:57:18,402 [WARN] PackLoader:240 - Cannot read IP mode file for STMicroelectronics.X-CUBE-FREERTOS.1.2.0
2025-01-20 21:57:18,409 [WARN] PackLoader:240 - Cannot read IP mode file for STMicroelectronics.X-CUBE-AZRTOS-L5.2.0.0
2025-01-20 21:57:18,414 [WARN] PackLoader:240 - Cannot read IP mode file for STMicroelectronics.X-CUBE-NFC6.3.1.0
2025-01-20 21:57:18,419 [WARN] PackLoader:240 - Cannot read IP mode file for STMicroelectronics.X-CUBE-DPower.1.2.0
2025-01-20 21:57:18,422 [WARN] PackLoader:240 - Cannot read IP mode file for STMicroelectronics.X-CUBE-FREERTOS.1.3.0
2025-01-20 21:57:18,424 [WARN] PackLoader:240 - Cannot read IP mode file for STMicroelectronics.X-CUBE-NFC7.1.0.1
2025-01-20 21:57:18,436 [WARN] ConditionMgr:438 - getConditionDescription Invalid condition id : LAN8742 Phy interface Condition cause : null
2025-01-20 21:57:18,436 [WARN] PackLoader:240 - Cannot read IP mode file for STMicroelectronics.X-CUBE-AZRTOS-L4.2.0.0
2025-01-20 21:57:18,437 [WARN] ConditionMgr:1039 - genDependencies : Invalid condition id : LAN8742 Phy interface Condition cause : null
2025-01-20 21:57:18,437 [WARN] ConditionMgr:1039 - genDependencies : Invalid condition id : LAN8742 Phy interface Condition cause : null
2025-01-20 21:57:18,437 [WARN] ConditionMgr:1039 - genDependencies : Invalid condition id : LAN8742 Phy interface Condition cause : null
2025-01-20 21:57:18,442 [WARN] PackLoader:240 - Cannot read IP mode file for STMicroelectronics.X-CUBE-SFXS2LP1.4.0.0
2025-01-20 21:57:18,453 [WARN] PackLoader:240 - Cannot read IP mode file for STMicroelectronics.X-CUBE-AZRTOS-H7.3.3.0
2025-01-20 21:57:18,461 [WARN] PackLoader:240 - Cannot read IP mode file for STMicroelectronics.X-CUBE-IPS.3.0.0
2025-01-20 21:57:18,468 [WARN] ConditionMgr:438 - getConditionDescription Invalid condition id : UX DEVICE CLASS RTOS Condition cause : null
2025-01-20 21:57:18,468 [WARN] ConditionMgr:438 - getConditionDescription Invalid condition id : UX DEVICE CLASS RTOS Condition cause : null
2025-01-20 21:57:18,469 [WARN] PackLoader:240 - Cannot read IP mode file for STMicroelectronics.X-CUBE-AZRTOS-WB.2.0.0
2025-01-20 21:57:18,469 [WARN] ConditionMgr:1039 - genDependencies : Invalid condition id : UX DEVICE CLASS RTOS Condition cause : null
2025-01-20 21:57:18,469 [WARN] ConditionMgr:1039 - genDependencies : Invalid condition id : UX DEVICE CLASS RTOS Condition cause : null
2025-01-20 21:57:18,469 [WARN] ConditionMgr:1039 - genDependencies : Invalid condition id : UX DEVICE CLASS RTOS Condition cause : null
2025-01-20 21:57:18,470 [WARN] ConditionMgr:1039 - genDependencies : Invalid condition id : UX DEVICE CLASS RTOS Condition cause : null
2025-01-20 21:57:18,470 [WARN] ConditionMgr:1039 - genDependencies : Invalid condition id : UX DEVICE CLASS RTOS Condition cause : null
2025-01-20 21:57:18,473 [WARN] PackLoader:240 - Cannot read IP mode file for STMicroelectronics.X-CUBE-GNSS1.7.0.0
2025-01-20 21:57:18,475 [WARN] PackLoader:240 - Cannot read IP mode file for STMicroelectronics.X-CUBE-GNSS1.7.0.1
2025-01-20 21:57:18,480 [WARN] PackLoader:240 - Cannot read IP mode file for STMicroelectronics.FP-SNS-STBOX1.2.0.0
2025-01-20 21:57:18,486 [WARN] PackLoader:240 - Cannot read IP mode file for STMicroelectronics.X-CUBE-SUBG2.5.0.0
2025-01-20 21:57:18,491 [WARN] PackLoader:240 - Cannot read IP mode file for Cesanta.I-CUBE-Mongoose.7.13.0
2025-01-20 21:57:18,497 [WARN] PackLoader:240 - Cannot read IP mode file for STMicroelectronics.X-CUBE-AZRTOS-G4.2.0.0
2025-01-20 21:57:18,500 [ERROR] Engine:466 - C:\Users\kirty\.stm32cubemx\thirdparties\pdsc\STMicroelectronics.X-CUBE-IPS.3.1.0.pdsc: PDSC version is not supported
2025-01-20 21:57:18,502 [WARN] PackLoader:240 - Cannot read IP mode file for STMicroelectronics.X-CUBE-ALS.1.0.2
2025-01-20 21:57:18,506 [WARN] PackLoader:240 - Cannot read IP mode file for STMicroelectronics.X-CUBE-TOUCHGFX.4.24.2
2025-01-20 21:57:18,508 [WARN] PackLoader:240 - Cannot read IP mode file for STMicroelectronics.X-CUBE-TOUCHGFX.4.24.1
2025-01-20 21:57:18,511 [WARN] PackLoader:240 - Cannot read IP mode file for wolfSSL.I-CUBE-wolfTPM.3.4.0
2025-01-20 21:57:18,514 [WARN] PackLoader:240 - Cannot read IP mode file for portGmbH.I-Cube-SoM-uGOAL.1.1.0
2025-01-20 21:57:18,522 [WARN] PackLoader:240 - Cannot read IP mode file for STMicroelectronics.X-CUBE-AZRTOS-H7RS.1.0.0
2025-01-20 21:57:18,524 [WARN] PackLoader:240 - Cannot read IP mode file for STMicroelectronics.FP-ATR-ASTRA1.2.0.0
2025-01-20 21:57:18,530 [WARN] PackLoader:240 - Cannot read IP mode file for STMicroelectronics.X-CUBE-TOF1.3.4.2
2025-01-20 21:57:18,542 [WARN] PackLoader:240 - Cannot read IP mode file for Infineon.AIROC-Wi-Fi-Bluetooth-STM32.1.6.1
2025-01-20 21:57:18,547 [WARN] PackLoader:240 - Cannot read IP mode file for wolfSSL.I-CUBE-wolfSSH.1.4.17
2025-01-20 21:57:18,547 [INFO] ThirdParty:978 - Integrity check success = true
2025-01-20 21:57:18,547 [INFO] IntegrityCheckThread:100 - exiting critical section [integrity check]
2025-01-20 21:57:18,547 [INFO] IntegrityCheckThread:103 - End integrity checks thread
2025-01-20 21:57:19,197 [ERROR] LogOutputStream:75 - [STDERR_REDIRECT] 
